::1 - - [04/Sep/2022:13:22:47 +0300] "GET /index.php HTTP/1.1" 200 73226
::1 - - [04/Sep/2022:13:23:15 +0300] "GET / HTTP/1.1" 200 295
::1 - - [04/Sep/2022:13:23:20 +0300] "GET /index.php HTTP/1.1" 200 73489
::1 - - [04/Sep/2022:13:24:15 +0300] "-" 408 -
::1 - - [04/Sep/2022:13:40:25 +0300] "GET /index.php HTTP/1.1" 200 411
::1 - - [04/Sep/2022:13:41:25 +0300] "-" 408 -
::1 - - [04/Sep/2022:13:45:07 +0300] "GET / HTTP/1.1" 200 411
::1 - - [04/Sep/2022:13:46:06 +0300] "-" 408 -
::1 - - [04/Sep/2022:13:47:28 +0300] "GET / HTTP/1.1" 304 -
::1 - - [04/Sep/2022:13:47:36 +0300] "POST /display.php HTTP/1.1" 200 45
::1 - - [04/Sep/2022:13:48:36 +0300] "-" 408 -
::1 - - [04/Sep/2022:13:48:56 +0300] "-" 408 -
::1 - - [06/Sep/2022:19:42:39 +0300] "GET / HTTP/1.1" 304 -
::1 - - [06/Sep/2022:19:43:04 +0300] "GET / HTTP/1.1" 304 -
::1 - - [06/Sep/2022:19:43:04 +0300] "GET / HTTP/1.1" 304 -
::1 - - [06/Sep/2022:19:43:05 +0300] "GET / HTTP/1.1" 304 -
::1 - - [06/Sep/2022:19:43:05 +0300] "GET / HTTP/1.1" 304 -
::1 - - [06/Sep/2022:19:43:07 +0300] "GET / HTTP/1.1" 304 -
::1 - - [06/Sep/2022:19:43:42 +0300] "GET / HTTP/1.1" 200 939
::1 - - [06/Sep/2022:19:44:42 +0300] "-" 408 -
::1 - - [06/Sep/2022:19:49:28 +0300] "GET / HTTP/1.1" 200 976
::1 - - [06/Sep/2022:19:50:06 +0300] "GET / HTTP/1.1" 200 994
::1 - - [06/Sep/2022:19:50:21 +0300] "GET / HTTP/1.1" 304 -
::1 - - [06/Sep/2022:19:50:24 +0300] "GET / HTTP/1.1" 200 980
::1 - - [06/Sep/2022:19:50:33 +0300] "GET / HTTP/1.1" 200 967
::1 - - [06/Sep/2022:19:51:23 +0300] "GET / HTTP/1.1" 200 1075
::1 - - [06/Sep/2022:19:52:05 +0300] "GET / HTTP/1.1" 200 1066
::1 - - [06/Sep/2022:19:52:06 +0300] "GET / HTTP/1.1" 304 -
::1 - - [06/Sep/2022:19:52:06 +0300] "GET / HTTP/1.1" 304 -
::1 - - [06/Sep/2022:19:52:06 +0300] "GET / HTTP/1.1" 304 -
::1 - - [06/Sep/2022:19:52:12 +0300] "GET / HTTP/1.1" 200 1069
::1 - - [06/Sep/2022:19:53:12 +0300] "-" 408 -
::1 - - [06/Sep/2022:19:53:13 +0300] "GET / HTTP/1.1" 200 1111
::1 - - [06/Sep/2022:19:54:13 +0300] "-" 408 -
::1 - - [06/Sep/2022:19:59:04 +0300] "GET / HTTP/1.1" 200 1553
::1 - - [06/Sep/2022:19:59:24 +0300] "GET / HTTP/1.1" 200 1582
::1 - - [06/Sep/2022:20:00:09 +0300] "GET / HTTP/1.1" 200 1596
::1 - - [06/Sep/2022:20:00:10 +0300] "GET / HTTP/1.1" 304 -
::1 - - [06/Sep/2022:20:00:10 +0300] "GET / HTTP/1.1" 304 -
::1 - - [06/Sep/2022:20:00:50 +0300] "GET / HTTP/1.1" 200 1596
::1 - - [06/Sep/2022:20:01:50 +0300] "-" 408 -
::1 - - [06/Sep/2022:20:07:01 +0300] "GET / HTTP/1.1" 200 1590
::1 - - [06/Sep/2022:20:07:31 +0300] "GET / HTTP/1.1" 200 1596
::1 - - [06/Sep/2022:20:08:16 +0300] "GET / HTTP/1.1" 200 1595
::1 - - [06/Sep/2022:20:08:22 +0300] "GET / HTTP/1.1" 200 1596
::1 - - [06/Sep/2022:20:09:22 +0300] "-" 408 -
::1 - - [06/Sep/2022:20:09:28 +0300] "GET / HTTP/1.1" 200 1608
::1 - - [06/Sep/2022:20:09:40 +0300] "GET / HTTP/1.1" 200 1607
::1 - - [06/Sep/2022:20:10:28 +0300] "GET / HTTP/1.1" 200 1637
::1 - - [06/Sep/2022:20:11:28 +0300] "-" 408 -
::1 - - [06/Sep/2022:20:12:24 +0300] "GET / HTTP/1.1" 200 1396
::1 - - [06/Sep/2022:20:13:23 +0300] "GET / HTTP/1.1" 200 1303
::1 - - [06/Sep/2022:20:13:40 +0300] "GET / HTTP/1.1" 200 1115
::1 - - [06/Sep/2022:20:14:11 +0300] "GET / HTTP/1.1" 200 1119
::1 - - [06/Sep/2022:20:14:17 +0300] "GET / HTTP/1.1" 200 1119
::1 - - [06/Sep/2022:20:14:55 +0300] "GET / HTTP/1.1" 200 1120
::1 - - [06/Sep/2022:20:15:07 +0300] "GET / HTTP/1.1" 200 1119
::1 - - [06/Sep/2022:20:15:24 +0300] "GET / HTTP/1.1" 200 1081
::1 - - [06/Sep/2022:20:15:49 +0300] "GET / HTTP/1.1" 200 1111
::1 - - [06/Sep/2022:20:16:49 +0300] "-" 408 -
::1 - - [06/Sep/2022:20:18:30 +0300] "GET / HTTP/1.1" 200 1129
::1 - - [06/Sep/2022:20:18:41 +0300] "GET / HTTP/1.1" 200 1159
::1 - - [06/Sep/2022:20:19:41 +0300] "-" 408 -
::1 - - [06/Sep/2022:20:20:38 +0300] "GET / HTTP/1.1" 200 1388
::1 - - [06/Sep/2022:20:20:58 +0300] "GET / HTTP/1.1" 200 1475
::1 - - [06/Sep/2022:20:21:43 +0300] "GET / HTTP/1.1" 200 1583
::1 - - [06/Sep/2022:20:22:12 +0300] "GET / HTTP/1.1" 200 1511
::1 - - [06/Sep/2022:20:22:21 +0300] "GET / HTTP/1.1" 304 -
::1 - - [06/Sep/2022:20:22:24 +0300] "GET / HTTP/1.1" 200 1583
::1 - - [06/Sep/2022:20:23:21 +0300] "-" 408 -
::1 - - [06/Sep/2022:20:25:42 +0300] "GET / HTTP/1.1" 200 389
::1 - - [06/Sep/2022:20:25:45 +0300] "GET /templates/ HTTP/1.1" 200 562
::1 - - [06/Sep/2022:20:25:45 +0300] "GET /templates/css/styles.css HTTP/1.1" 200 607
::1 - - [06/Sep/2022:20:26:29 +0300] "GET /templates/ HTTP/1.1" 304 -
::1 - - [06/Sep/2022:20:26:29 +0300] "GET /templates/css/styles.css HTTP/1.1" 200 608
::1 - - [06/Sep/2022:20:26:43 +0300] "GET /templates/ HTTP/1.1" 304 -
::1 - - [06/Sep/2022:20:26:43 +0300] "GET /templates/css/styles.css HTTP/1.1" 200 590
::1 - - [06/Sep/2022:20:26:52 +0300] "GET /templates/ HTTP/1.1" 304 -
::1 - - [06/Sep/2022:20:26:52 +0300] "GET /templates/css/styles.css HTTP/1.1" 200 608
::1 - - [06/Sep/2022:20:27:16 +0300] "GET /templates/ HTTP/1.1" 304 -
::1 - - [06/Sep/2022:20:27:16 +0300] "GET /templates/css/styles.css HTTP/1.1" 200 607
::1 - - [06/Sep/2022:20:28:16 +0300] "-" 408 -
::1 - - [06/Sep/2022:20:37:23 +0300] "GET /templates/ HTTP/1.1" 200 2834
::1 - - [06/Sep/2022:20:37:23 +0300] "GET /templates/css/styles.css HTTP/1.1" 304 -
::1 - - [06/Sep/2022:20:37:40 +0300] "GET /templates/ HTTP/1.1" 200 2834
::1 - - [06/Sep/2022:20:37:42 +0300] "GET /templates/ HTTP/1.1" 304 -
::1 - - [06/Sep/2022:20:37:42 +0300] "GET /templates/ HTTP/1.1" 304 -
::1 - - [06/Sep/2022:20:37:42 +0300] "GET /templates/ HTTP/1.1" 304 -
::1 - - [06/Sep/2022:20:37:42 +0300] "GET /templates/ HTTP/1.1" 304 -
::1 - - [06/Sep/2022:20:37:55 +0300] "GET /templates/ HTTP/1.1" 200 2834
::1 - - [06/Sep/2022:20:38:02 +0300] "GET /templates/ HTTP/1.1" 200 2834
::1 - - [06/Sep/2022:20:38:10 +0300] "GET /templates/ HTTP/1.1" 200 2834
::1 - - [06/Sep/2022:20:38:11 +0300] "GET /templates/ HTTP/1.1" 304 -
::1 - - [06/Sep/2022:20:38:11 +0300] "GET /templates/ HTTP/1.1" 304 -
::1 - - [06/Sep/2022:20:38:11 +0300] "GET /templates/ HTTP/1.1" 304 -
::1 - - [06/Sep/2022:20:38:12 +0300] "GET /templates/ HTTP/1.1" 304 -
::1 - - [06/Sep/2022:20:38:12 +0300] "GET /templates/ HTTP/1.1" 304 -
::1 - - [06/Sep/2022:20:39:10 +0300] "-" 408 -
::1 - - [06/Sep/2022:20:39:21 +0300] "GET /templates/ HTTP/1.1" 200 2834
::1 - - [06/Sep/2022:20:39:21 +0300] "GET /templates/css/styles.css HTTP/1.1" 200 766
::1 - - [06/Sep/2022:20:40:21 +0300] "-" 408 -
::1 - - [06/Sep/2022:20:42:40 +0300] "GET /templates/ HTTP/1.1" 200 2834
::1 - - [06/Sep/2022:20:42:40 +0300] "GET /templates/css/styles.css HTTP/1.1" 304 -
::1 - - [06/Sep/2022:20:43:40 +0300] "-" 408 -
::1 - - [06/Sep/2022:20:44:22 +0300] "GET /templates/ HTTP/1.1" 200 2834
::1 - - [06/Sep/2022:20:44:22 +0300] "GET /templates/css/styles.css HTTP/1.1" 304 -
::1 - - [06/Sep/2022:20:44:29 +0300] "GET /templates/ HTTP/1.1" 304 -
::1 - - [06/Sep/2022:20:44:31 +0300] "GET /templates/ HTTP/1.1" 200 2834
::1 - - [06/Sep/2022:20:45:17 +0300] "GET /templates/ HTTP/1.1" 200 2832
::1 - - [06/Sep/2022:20:45:17 +0300] "GET /templates/css/styles.css HTTP/1.1" 304 -
::1 - - [06/Sep/2022:20:45:24 +0300] "GET /templates/ HTTP/1.1" 200 2834
::1 - - [06/Sep/2022:20:45:35 +0300] "GET /templates/ HTTP/1.1" 200 2834
::1 - - [06/Sep/2022:20:45:50 +0300] "GET /templates/ HTTP/1.1" 200 2835
::1 - - [06/Sep/2022:20:46:00 +0300] "GET /templates/ HTTP/1.1" 200 2834
::1 - - [06/Sep/2022:20:46:00 +0300] "GET /templates/css/styles.css HTTP/1.1" 304 -
::1 - - [06/Sep/2022:20:46:14 +0300] "GET /templates/ HTTP/1.1" 200 2834
::1 - - [06/Sep/2022:20:46:27 +0300] "GET /templates/ HTTP/1.1" 200 2835
::1 - - [06/Sep/2022:20:46:39 +0300] "GET /templates/ HTTP/1.1" 200 2834
::1 - - [06/Sep/2022:20:47:39 +0300] "-" 408 -
::1 - - [06/Sep/2022:20:49:05 +0300] "GET /templates/ HTTP/1.1" 200 2834
::1 - - [06/Sep/2022:20:49:05 +0300] "GET /templates/css/styles.css HTTP/1.1" 304 -
::1 - - [06/Sep/2022:20:49:15 +0300] "GET /templates/ HTTP/1.1" 200 2835
::1 - - [06/Sep/2022:20:49:23 +0300] "GET /templates/ HTTP/1.1" 200 2834
::1 - - [06/Sep/2022:20:49:24 +0300] "GET /templates/ HTTP/1.1" 304 -
::1 - - [06/Sep/2022:20:49:25 +0300] "GET /templates/ HTTP/1.1" 304 -
::1 - - [06/Sep/2022:20:49:29 +0300] "GET /templates/ HTTP/1.1" 200 2835
::1 - - [06/Sep/2022:20:49:30 +0300] "GET /templates/ HTTP/1.1" 304 -
::1 - - [06/Sep/2022:20:49:30 +0300] "GET /templates/ HTTP/1.1" 304 -
::1 - - [06/Sep/2022:20:49:37 +0300] "GET /templates/ HTTP/1.1" 200 2836
::1 - - [06/Sep/2022:20:49:49 +0300] "GET /templates/ HTTP/1.1" 200 2835
::1 - - [06/Sep/2022:20:50:06 +0300] "GET /templates/ HTTP/1.1" 200 2835
::1 - - [06/Sep/2022:20:50:06 +0300] "GET /templates/css/styles.css HTTP/1.1" 304 -
::1 - - [06/Sep/2022:20:50:14 +0300] "GET /templates/ HTTP/1.1" 200 2834
::1 - - [06/Sep/2022:20:51:14 +0300] "-" 408 -
::1 - - [06/Sep/2022:20:55:13 +0300] "GET /templates/ HTTP/1.1" 200 2834
::1 - - [06/Sep/2022:20:55:13 +0300] "GET /templates/css/styles.css HTTP/1.1" 304 -
::1 - - [06/Sep/2022:20:55:20 +0300] "GET /templates/ HTTP/1.1" 200 2834
::1 - - [06/Sep/2022:20:55:43 +0300] "GET /templates/ HTTP/1.1" 200 2834
::1 - - [06/Sep/2022:20:55:57 +0300] "GET /templates/ HTTP/1.1" 200 2835
::1 - - [06/Sep/2022:20:56:06 +0300] "GET /templates/ HTTP/1.1" 200 2835
::1 - - [06/Sep/2022:20:56:13 +0300] "GET /templates/ HTTP/1.1" 200 2833
::1 - - [06/Sep/2022:20:56:34 +0300] "GET /templates/ HTTP/1.1" 200 2833
::1 - - [06/Sep/2022:20:56:42 +0300] "GET /templates/ HTTP/1.1" 200 2833
::1 - - [06/Sep/2022:20:57:42 +0300] "-" 408 -
::1 - - [06/Sep/2022:22:25:38 +0300] "GET /templates/ HTTP/1.1" 304 -
::1 - - [06/Sep/2022:22:25:38 +0300] "GET /templates/css/styles.css HTTP/1.1" 200 790
::1 - - [06/Sep/2022:22:25:39 +0300] "GET /templates/ HTTP/1.1" 304 -
::1 - - [06/Sep/2022:22:25:39 +0300] "GET /templates/css/styles.css HTTP/1.1" 304 -
::1 - - [06/Sep/2022:22:25:47 +0300] "GET /templates/ HTTP/1.1" 200 2833
::1 - - [06/Sep/2022:22:25:47 +0300] "GET /templates/css/styles.css HTTP/1.1" 304 -
::1 - - [06/Sep/2022:22:25:47 +0300] "GET /templates/ HTTP/1.1" 304 -
::1 - - [06/Sep/2022:22:25:47 +0300] "GET /templates/ HTTP/1.1" 304 -
::1 - - [06/Sep/2022:22:25:47 +0300] "GET /templates/ HTTP/1.1" 304 -
::1 - - [06/Sep/2022:22:25:48 +0300] "GET /templates/ HTTP/1.1" 304 -
::1 - - [06/Sep/2022:22:25:48 +0300] "GET /templates/ HTTP/1.1" 304 -
::1 - - [06/Sep/2022:22:25:48 +0300] "GET /templates/css/styles.css HTTP/1.1" 304 -
::1 - - [06/Sep/2022:22:26:17 +0300] "GET /templates/ HTTP/1.1" 304 -
::1 - - [06/Sep/2022:22:26:17 +0300] "GET /templates/css/styles.css HTTP/1.1" 200 790
::1 - - [06/Sep/2022:22:27:17 +0300] "-" 408 -
::1 - - [06/Sep/2022:22:27:26 +0300] "GET /templates/ HTTP/1.1" 304 -
::1 - - [06/Sep/2022:22:27:26 +0300] "GET /templates/css/styles.css HTTP/1.1" 200 841
::1 - - [06/Sep/2022:22:27:42 +0300] "GET /templates/ HTTP/1.1" 304 -
::1 - - [06/Sep/2022:22:27:42 +0300] "GET /templates/css/styles.css HTTP/1.1" 200 840
::1 - - [06/Sep/2022:22:28:20 +0300] "GET /templates/ HTTP/1.1" 304 -
::1 - - [06/Sep/2022:22:28:20 +0300] "GET /templates/css/styles.css HTTP/1.1" 200 854
::1 - - [06/Sep/2022:22:29:20 +0300] "-" 408 -
::1 - - [06/Sep/2022:22:29:39 +0300] "GET /templates/ HTTP/1.1" 304 -
::1 - - [06/Sep/2022:22:29:39 +0300] "GET /templates/css/styles.css HTTP/1.1" 200 879
::1 - - [06/Sep/2022:22:30:02 +0300] "GET /templates/ HTTP/1.1" 304 -
::1 - - [06/Sep/2022:22:30:02 +0300] "GET /templates/css/styles.css HTTP/1.1" 200 879
::1 - - [06/Sep/2022:22:30:25 +0300] "GET /templates/ HTTP/1.1" 304 -
::1 - - [06/Sep/2022:22:30:26 +0300] "GET /templates/css/styles.css HTTP/1.1" 200 899
::1 - - [06/Sep/2022:22:30:39 +0300] "GET /templates/ HTTP/1.1" 304 -
::1 - - [06/Sep/2022:22:30:39 +0300] "GET /templates/css/styles.css HTTP/1.1" 200 899
::1 - - [06/Sep/2022:22:31:01 +0300] "GET /templates/ HTTP/1.1" 304 -
::1 - - [06/Sep/2022:22:31:01 +0300] "GET /templates/css/styles.css HTTP/1.1" 200 899
::1 - - [06/Sep/2022:22:31:36 +0300] "GET /templates/ HTTP/1.1" 304 -
::1 - - [06/Sep/2022:22:31:36 +0300] "GET /templates/css/styles.css HTTP/1.1" 200 924
::1 - - [06/Sep/2022:22:32:02 +0300] "GET /templates/ HTTP/1.1" 304 -
::1 - - [06/Sep/2022:22:32:02 +0300] "GET /templates/css/styles.css HTTP/1.1" 200 988
::1 - - [06/Sep/2022:22:32:22 +0300] "GET /templates/ HTTP/1.1" 304 -
::1 - - [06/Sep/2022:22:32:22 +0300] "GET /templates/css/styles.css HTTP/1.1" 200 988
::1 - - [06/Sep/2022:22:33:07 +0300] "GET /templates/ HTTP/1.1" 304 -
::1 - - [06/Sep/2022:22:33:07 +0300] "GET /templates/css/styles.css HTTP/1.1" 200 989
::1 - - [06/Sep/2022:22:33:36 +0300] "GET /templates/ HTTP/1.1" 304 -
::1 - - [06/Sep/2022:22:33:36 +0300] "GET /templates/css/styles.css HTTP/1.1" 200 990
::1 - - [06/Sep/2022:22:33:43 +0300] "GET /templates/ HTTP/1.1" 304 -
::1 - - [06/Sep/2022:22:33:43 +0300] "GET /templates/css/styles.css HTTP/1.1" 200 991
::1 - - [06/Sep/2022:22:33:58 +0300] "GET /templates/ HTTP/1.1" 304 -
::1 - - [06/Sep/2022:22:33:58 +0300] "GET /templates/css/styles.css HTTP/1.1" 200 990
::1 - - [06/Sep/2022:22:34:18 +0300] "GET /templates/ HTTP/1.1" 304 -
::1 - - [06/Sep/2022:22:34:18 +0300] "GET /templates/css/styles.css HTTP/1.1" 200 985
::1 - - [06/Sep/2022:22:34:37 +0300] "GET /templates/ HTTP/1.1" 304 -
::1 - - [06/Sep/2022:22:34:37 +0300] "GET /templates/css/styles.css HTTP/1.1" 200 989
::1 - - [06/Sep/2022:22:34:47 +0300] "GET /templates/ HTTP/1.1" 304 -
::1 - - [06/Sep/2022:22:34:47 +0300] "GET /templates/css/styles.css HTTP/1.1" 200 989
::1 - - [06/Sep/2022:22:35:15 +0300] "GET /templates/ HTTP/1.1" 304 -
::1 - - [06/Sep/2022:22:35:15 +0300] "GET /templates/css/styles.css HTTP/1.1" 200 986
::1 - - [06/Sep/2022:22:36:15 +0300] "-" 408 -
::1 - - [06/Sep/2022:22:36:43 +0300] "GET /templates/ HTTP/1.1" 200 2871
::1 - - [06/Sep/2022:22:36:43 +0300] "GET /templates/css/styles.css HTTP/1.1" 304 -
::1 - - [06/Sep/2022:22:37:20 +0300] "GET /templates/ HTTP/1.1" 200 2909
::1 - - [06/Sep/2022:22:37:20 +0300] "GET /templates/css/styles.css HTTP/1.1" 304 -
::1 - - [06/Sep/2022:22:37:37 +0300] "GET /templates/ HTTP/1.1" 200 2909
::1 - - [06/Sep/2022:22:37:37 +0300] "GET /templates/css/styles.css HTTP/1.1" 304 -
::1 - - [06/Sep/2022:22:38:08 +0300] "GET /templates/ HTTP/1.1" 200 2985
::1 - - [06/Sep/2022:22:38:08 +0300] "GET /templates/css/styles.css HTTP/1.1" 304 -
::1 - - [06/Sep/2022:22:38:27 +0300] "GET /templates/ HTTP/1.1" 200 2993
::1 - - [06/Sep/2022:22:38:27 +0300] "GET /templates/css/styles.css HTTP/1.1" 304 -
::1 - - [06/Sep/2022:22:38:28 +0300] "GET /templates/ HTTP/1.1" 304 -
::1 - - [06/Sep/2022:22:38:28 +0300] "GET /templates/ HTTP/1.1" 304 -
::1 - - [06/Sep/2022:22:38:28 +0300] "GET /templates/ HTTP/1.1" 304 -
::1 - - [06/Sep/2022:22:39:27 +0300] "-" 408 -
::1 - - [06/Sep/2022:22:39:46 +0300] "GET /templates/ HTTP/1.1" 304 -
::1 - - [06/Sep/2022:22:39:46 +0300] "GET /templates/css/styles.css HTTP/1.1" 200 997
::1 - - [06/Sep/2022:22:39:58 +0300] "GET /templates/ HTTP/1.1" 304 -
::1 - - [06/Sep/2022:22:39:58 +0300] "GET /templates/css/styles.css HTTP/1.1" 200 993
::1 - - [06/Sep/2022:22:40:21 +0300] "GET /templates/ HTTP/1.1" 200 2985
::1 - - [06/Sep/2022:22:40:21 +0300] "GET /templates/css/styles.css HTTP/1.1" 304 -
::1 - - [06/Sep/2022:22:40:22 +0300] "GET /templates/ HTTP/1.1" 304 -
::1 - - [06/Sep/2022:22:40:22 +0300] "GET /templates/ HTTP/1.1" 304 -
::1 - - [06/Sep/2022:22:40:22 +0300] "GET /templates/ HTTP/1.1" 304 -
::1 - - [06/Sep/2022:22:40:22 +0300] "GET /templates/ HTTP/1.1" 304 -
::1 - - [06/Sep/2022:22:40:48 +0300] "GET /templates/ HTTP/1.1" 200 3213
::1 - - [06/Sep/2022:22:40:48 +0300] "GET /templates/css/styles.css HTTP/1.1" 304 -
::1 - - [06/Sep/2022:22:41:48 +0300] "-" 408 -
::1 - - [06/Sep/2022:22:44:46 +0300] "GET /templates/ HTTP/1.1" 200 2875
::1 - - [06/Sep/2022:22:44:46 +0300] "GET /templates/css/styles.css HTTP/1.1" 200 1022
::1 - - [06/Sep/2022:22:45:38 +0300] "GET /templates/ HTTP/1.1" 304 -
::1 - - [06/Sep/2022:22:45:38 +0300] "GET /templates/css/styles.css HTTP/1.1" 200 1027
::1 - - [06/Sep/2022:22:45:42 +0300] "GET /templates/ HTTP/1.1" 304 -
::1 - - [06/Sep/2022:22:45:42 +0300] "GET /templates/css/styles.css HTTP/1.1" 304 -
::1 - - [06/Sep/2022:22:45:42 +0300] "GET /templates/ HTTP/1.1" 304 -
::1 - - [06/Sep/2022:22:46:19 +0300] "GET /templates/ HTTP/1.1" 304 -
::1 - - [06/Sep/2022:22:46:19 +0300] "GET /templates/css/styles.css HTTP/1.1" 200 1022
::1 - - [06/Sep/2022:22:46:57 +0300] "GET /templates/ HTTP/1.1" 200 2837
::1 - - [06/Sep/2022:22:46:57 +0300] "GET /templates/css/styles.css HTTP/1.1" 200 1030
::1 - - [06/Sep/2022:22:47:06 +0300] "GET /templates/ HTTP/1.1" 200 2875
::1 - - [06/Sep/2022:22:47:06 +0300] "GET /templates/css/styles.css HTTP/1.1" 304 -
::1 - - [06/Sep/2022:22:47:13 +0300] "GET /templates/ HTTP/1.1" 304 -
::1 - - [06/Sep/2022:22:47:13 +0300] "GET /templates/css/styles.css HTTP/1.1" 200 1022
::1 - - [06/Sep/2022:22:48:13 +0300] "-" 408 -
::1 - - [06/Sep/2022:22:48:33 +0300] "GET /templates/ HTTP/1.1" 200 2938
::1 - - [06/Sep/2022:22:48:33 +0300] "GET /templates/css/styles.css HTTP/1.1" 304 -
::1 - - [06/Sep/2022:22:48:57 +0300] "GET /templates/ HTTP/1.1" 200 2975
::1 - - [06/Sep/2022:22:48:57 +0300] "GET /templates/css/styles.css HTTP/1.1" 304 -
::1 - - [06/Sep/2022:22:49:50 +0300] "GET /templates/ HTTP/1.1" 200 2960
::1 - - [06/Sep/2022:22:49:50 +0300] "GET /templates/css/styles.css HTTP/1.1" 200 1081
::1 - - [06/Sep/2022:22:50:05 +0300] "GET /templates/ HTTP/1.1" 200 2949
::1 - - [06/Sep/2022:22:50:05 +0300] "GET /templates/css/styles.css HTTP/1.1" 304 -
::1 - - [06/Sep/2022:22:50:33 +0300] "GET /templates/ HTTP/1.1" 304 -
::1 - - [06/Sep/2022:22:50:33 +0300] "GET /templates/css/styles.css HTTP/1.1" 200 1091
::1 - - [06/Sep/2022:22:50:50 +0300] "GET /templates/ HTTP/1.1" 304 -
::1 - - [06/Sep/2022:22:50:50 +0300] "GET /templates/css/styles.css HTTP/1.1" 200 1091
::1 - - [06/Sep/2022:22:51:23 +0300] "GET /templates/ HTTP/1.1" 200 2951
::1 - - [06/Sep/2022:22:51:23 +0300] "GET /templates/css/styles.css HTTP/1.1" 200 1092
::1 - - [06/Sep/2022:22:51:36 +0300] "GET /templates/ HTTP/1.1" 304 -
::1 - - [06/Sep/2022:22:51:36 +0300] "GET /templates/css/styles.css HTTP/1.1" 200 1098
::1 - - [06/Sep/2022:22:51:45 +0300] "GET /templates/ HTTP/1.1" 304 -
::1 - - [06/Sep/2022:22:51:45 +0300] "GET /templates/css/styles.css HTTP/1.1" 200 1098
::1 - - [06/Sep/2022:22:52:33 +0300] "GET /templates/ HTTP/1.1" 200 2969
::1 - - [06/Sep/2022:22:52:33 +0300] "GET /templates/css/styles.css HTTP/1.1" 304 -
::1 - - [06/Sep/2022:22:53:10 +0300] "GET /templates/ HTTP/1.1" 304 -
::1 - - [06/Sep/2022:22:53:10 +0300] "GET /templates/css/styles.css HTTP/1.1" 200 1144
::1 - - [06/Sep/2022:22:54:10 +0300] "-" 408 -
::1 - - [06/Sep/2022:22:54:48 +0300] "GET /templates/ HTTP/1.1" 304 -
::1 - - [06/Sep/2022:22:54:48 +0300] "GET /templates/css/styles.css HTTP/1.1" 200 1097
::1 - - [06/Sep/2022:22:55:39 +0300] "GET /templates/ HTTP/1.1" 304 -
::1 - - [06/Sep/2022:22:55:39 +0300] "GET /templates/css/styles.css HTTP/1.1" 200 1121
::1 - - [06/Sep/2022:22:55:49 +0300] "GET /templates/ HTTP/1.1" 304 -
::1 - - [06/Sep/2022:22:55:49 +0300] "GET /templates/css/styles.css HTTP/1.1" 200 1121
::1 - - [06/Sep/2022:22:56:00 +0300] "GET /templates/ HTTP/1.1" 304 -
::1 - - [06/Sep/2022:22:56:00 +0300] "GET /templates/css/styles.css HTTP/1.1" 200 1144
::1 - - [06/Sep/2022:22:57:00 +0300] "-" 408 -
::1 - - [06/Sep/2022:22:57:18 +0300] "GET /templates/ HTTP/1.1" 304 -
::1 - - [06/Sep/2022:22:57:18 +0300] "GET /templates/css/styles.css HTTP/1.1" 200 1143
::1 - - [06/Sep/2022:22:57:23 +0300] "GET /templates/ HTTP/1.1" 304 -
::1 - - [06/Sep/2022:22:57:23 +0300] "GET /templates/css/styles.css HTTP/1.1" 200 1143
::1 - - [06/Sep/2022:22:58:18 +0300] "-" 408 -
::1 - - [06/Sep/2022:22:59:11 +0300] "GET /templates/ HTTP/1.1" 200 2970
::1 - - [06/Sep/2022:22:59:11 +0300] "GET /templates/css/styles.css HTTP/1.1" 304 -
::1 - - [06/Sep/2022:23:00:11 +0300] "-" 408 -
::1 - - [06/Sep/2022:23:04:37 +0300] "GET /templates/ HTTP/1.1" 200 3016
::1 - - [06/Sep/2022:23:04:37 +0300] "GET /templates/css/styles.css HTTP/1.1" 304 -
::1 - - [06/Sep/2022:23:05:23 +0300] "GET /templates/ HTTP/1.1" 304 -
::1 - - [06/Sep/2022:23:05:23 +0300] "GET /templates/css/styles.css HTTP/1.1" 200 1142
::1 - - [06/Sep/2022:23:05:38 +0300] "GET /templates/ HTTP/1.1" 304 -
::1 - - [06/Sep/2022:23:05:38 +0300] "GET /templates/css/styles.css HTTP/1.1" 200 1146
::1 - - [06/Sep/2022:23:05:55 +0300] "GET /templates/ HTTP/1.1" 200 3003
::1 - - [06/Sep/2022:23:05:55 +0300] "GET /templates/css/styles.css HTTP/1.1" 304 -
::1 - - [06/Sep/2022:23:06:08 +0300] "GET /templates/ HTTP/1.1" 200 2991
::1 - - [06/Sep/2022:23:06:08 +0300] "GET /templates/css/styles.css HTTP/1.1" 304 -
::1 - - [06/Sep/2022:23:07:08 +0300] "-" 408 -
::1 - - [06/Sep/2022:23:07:19 +0300] "GET /templates/ HTTP/1.1" 200 3048
::1 - - [06/Sep/2022:23:07:19 +0300] "GET /templates/css/styles.css HTTP/1.1" 304 -
::1 - - [06/Sep/2022:23:07:32 +0300] "GET /templates/ HTTP/1.1" 200 3048
::1 - - [06/Sep/2022:23:07:32 +0300] "GET /templates/css/styles.css HTTP/1.1" 304 -
::1 - - [06/Sep/2022:23:07:55 +0300] "GET /templates/ HTTP/1.1" 304 -
::1 - - [06/Sep/2022:23:07:55 +0300] "GET /templates/css/styles.css HTTP/1.1" 200 1126
::1 - - [06/Sep/2022:23:08:06 +0300] "GET /templates/ HTTP/1.1" 304 -
::1 - - [06/Sep/2022:23:08:06 +0300] "GET /templates/css/styles.css HTTP/1.1" 200 1146
::1 - - [06/Sep/2022:23:09:06 +0300] "-" 408 -
::1 - - [06/Sep/2022:23:14:44 +0300] "GET /templates/ HTTP/1.1" 304 -
::1 - - [06/Sep/2022:23:14:44 +0300] "GET /templates/css/styles.css HTTP/1.1" 200 1183
::1 - - [06/Sep/2022:23:14:45 +0300] "GET /templates/ HTTP/1.1" 304 -
::1 - - [06/Sep/2022:23:14:45 +0300] "GET /templates/css/styles.css HTTP/1.1" 304 -
::1 - - [06/Sep/2022:23:14:45 +0300] "GET /templates/ HTTP/1.1" 304 -
::1 - - [06/Sep/2022:23:14:45 +0300] "GET /templates/css/styles.css HTTP/1.1" 304 -
::1 - - [06/Sep/2022:23:14:45 +0300] "GET /templates/ HTTP/1.1" 304 -
::1 - - [06/Sep/2022:23:14:45 +0300] "GET /templates/css/styles.css HTTP/1.1" 304 -
::1 - - [06/Sep/2022:23:15:44 +0300] "-" 408 -
::1 - - [06/Sep/2022:23:15:54 +0300] "GET /templates/ HTTP/1.1" 304 -
::1 - - [06/Sep/2022:23:15:54 +0300] "GET /templates/css/styles.css HTTP/1.1" 200 1189
::1 - - [06/Sep/2022:23:15:54 +0300] "GET /templates/ HTTP/1.1" 304 -
::1 - - [06/Sep/2022:23:15:54 +0300] "GET /templates/css/styles.css HTTP/1.1" 304 -
::1 - - [06/Sep/2022:23:15:55 +0300] "GET /templates/ HTTP/1.1" 304 -
::1 - - [06/Sep/2022:23:15:55 +0300] "GET /templates/css/styles.css HTTP/1.1" 304 -
::1 - - [06/Sep/2022:23:16:04 +0300] "GET /templates/ HTTP/1.1" 304 -
::1 - - [06/Sep/2022:23:16:04 +0300] "GET /templates/css/styles.css HTTP/1.1" 200 1189
::1 - - [06/Sep/2022:23:16:18 +0300] "GET /templates/ HTTP/1.1" 304 -
::1 - - [06/Sep/2022:23:16:18 +0300] "GET /templates/css/styles.css HTTP/1.1" 200 1173
::1 - - [06/Sep/2022:23:16:35 +0300] "GET /templates/ HTTP/1.1" 304 -
::1 - - [06/Sep/2022:23:16:35 +0300] "GET /templates/css/styles.css HTTP/1.1" 200 1152
::1 - - [06/Sep/2022:23:16:49 +0300] "GET /templates/ HTTP/1.1" 304 -
::1 - - [06/Sep/2022:23:16:49 +0300] "GET /templates/css/styles.css HTTP/1.1" 200 1152
::1 - - [06/Sep/2022:23:16:53 +0300] "GET /templates/ HTTP/1.1" 304 -
::1 - - [06/Sep/2022:23:16:53 +0300] "GET /templates/css/styles.css HTTP/1.1" 200 1152
::1 - - [06/Sep/2022:23:17:04 +0300] "GET /templates/ HTTP/1.1" 304 -
::1 - - [06/Sep/2022:23:17:04 +0300] "GET /templates/css/styles.css HTTP/1.1" 200 1128
::1 - - [06/Sep/2022:23:17:39 +0300] "GET /templates/ HTTP/1.1" 304 -
::1 - - [06/Sep/2022:23:17:39 +0300] "GET /templates/css/styles.css HTTP/1.1" 200 1175
::1 - - [06/Sep/2022:23:17:47 +0300] "GET /templates/ HTTP/1.1" 304 -
::1 - - [06/Sep/2022:23:17:47 +0300] "GET /templates/css/styles.css HTTP/1.1" 200 1175
::1 - - [06/Sep/2022:23:18:34 +0300] "GET /templates/ HTTP/1.1" 304 -
::1 - - [06/Sep/2022:23:18:34 +0300] "GET /templates/css/styles.css HTTP/1.1" 200 1222
::1 - - [06/Sep/2022:23:19:29 +0300] "GET /templates/ HTTP/1.1" 200 3058
::1 - - [06/Sep/2022:23:19:29 +0300] "GET /templates/css/styles.css HTTP/1.1" 304 -
::1 - - [06/Sep/2022:23:19:53 +0300] "GET /templates/ HTTP/1.1" 200 3121
::1 - - [06/Sep/2022:23:19:53 +0300] "GET /templates/css/styles.css HTTP/1.1" 304 -
::1 - - [06/Sep/2022:23:20:05 +0300] "GET /templates/ HTTP/1.1" 304 -
::1 - - [06/Sep/2022:23:20:05 +0300] "GET /templates/css/styles.css HTTP/1.1" 304 -
::1 - - [06/Sep/2022:23:20:08 +0300] "GET /templates/ HTTP/1.1" 200 3129
::1 - - [06/Sep/2022:23:20:08 +0300] "GET /templates/ HTTP/1.1" 304 -
::1 - - [06/Sep/2022:23:20:40 +0300] "GET /templates/ HTTP/1.1" 200 3159
::1 - - [06/Sep/2022:23:20:40 +0300] "GET /templates/css/styles.css HTTP/1.1" 304 -
::1 - - [06/Sep/2022:23:20:49 +0300] "GET /templates/ HTTP/1.1" 200 3178
::1 - - [06/Sep/2022:23:21:05 +0300] "GET /templates/ HTTP/1.1" 200 3178
::1 - - [06/Sep/2022:23:21:05 +0300] "GET /templates/css/styles.css HTTP/1.1" 304 -
::1 - - [06/Sep/2022:23:21:15 +0300] "GET /templates/ HTTP/1.1" 200 3178
::1 - - [06/Sep/2022:23:21:35 +0300] "GET /templates/ HTTP/1.1" 200 3173
::1 - - [06/Sep/2022:23:21:35 +0300] "GET /templates/css/styles.css HTTP/1.1" 304 -
::1 - - [06/Sep/2022:23:21:46 +0300] "GET /templates/ HTTP/1.1" 200 3173
::1 - - [06/Sep/2022:23:21:57 +0300] "GET /templates/ HTTP/1.1" 200 3175
::1 - - [06/Sep/2022:23:21:57 +0300] "GET /templates/css/styles.css HTTP/1.1" 304 -
::1 - - [06/Sep/2022:23:22:57 +0300] "-" 408 -
::1 - - [06/Sep/2022:23:28:54 +0300] "GET /templates/ HTTP/1.1" 200 3505
::1 - - [06/Sep/2022:23:28:54 +0300] "GET /templates/css/styles.css HTTP/1.1" 304 -
::1 - - [06/Sep/2022:23:29:00 +0300] "POST /src/ HTTP/1.1" 404 196
::1 - - [06/Sep/2022:23:29:14 +0300] "GET /templates/ HTTP/1.1" 200 3516
::1 - - [06/Sep/2022:23:29:19 +0300] "POST /src/display.php HTTP/1.1" 200 270
::1 - - [06/Sep/2022:23:30:19 +0300] "-" 408 -
::1 - - [06/Sep/2022:23:30:24 +0300] "-" 408 -
::1 - - [06/Sep/2022:23:38:53 +0300] "GET /templates/ HTTP/1.1" 200 3988
::1 - - [06/Sep/2022:23:38:53 +0300] "GET /templates/css/styles.css HTTP/1.1" 304 -
::1 - - [06/Sep/2022:23:39:32 +0300] "GET /templates/ HTTP/1.1" 200 4009
::1 - - [06/Sep/2022:23:39:39 +0300] "GET /templates/ HTTP/1.1" 200 4010
::1 - - [06/Sep/2022:23:40:07 +0300] "GET /templates/ HTTP/1.1" 200 4033
::1 - - [06/Sep/2022:23:40:08 +0300] "GET /templates/ HTTP/1.1" 304 -
::1 - - [06/Sep/2022:23:40:08 +0300] "GET /templates/ HTTP/1.1" 304 -
::1 - - [06/Sep/2022:23:40:13 +0300] "GET /templates/ HTTP/1.1" 200 4044
::1 - - [06/Sep/2022:23:40:35 +0300] "GET /templates/ HTTP/1.1" 200 4046
::1 - - [06/Sep/2022:23:41:03 +0300] "GET /templates/ HTTP/1.1" 200 4036
::1 - - [06/Sep/2022:23:41:03 +0300] "GET /templates/css/styles.css HTTP/1.1" 304 -
::1 - - [06/Sep/2022:23:41:21 +0300] "GET /templates/ HTTP/1.1" 304 -
::1 - - [06/Sep/2022:23:41:26 +0300] "GET /templates/ HTTP/1.1" 304 -
::1 - - [06/Sep/2022:23:41:27 +0300] "GET /templates/ HTTP/1.1" 304 -
::1 - - [06/Sep/2022:23:41:27 +0300] "GET /templates/ HTTP/1.1" 304 -
::1 - - [06/Sep/2022:23:41:51 +0300] "GET /templates/ HTTP/1.1" 304 -
::1 - - [06/Sep/2022:23:41:52 +0300] "GET /templates/ HTTP/1.1" 304 -
::1 - - [06/Sep/2022:23:41:53 +0300] "GET /templates/ HTTP/1.1" 304 -
::1 - - [06/Sep/2022:23:41:53 +0300] "GET /templates/ HTTP/1.1" 304 -
::1 - - [06/Sep/2022:23:42:52 +0300] "-" 408 -
::1 - - [06/Sep/2022:23:43:26 +0300] "GET /templates/ HTTP/1.1" 304 -
::1 - - [06/Sep/2022:23:43:26 +0300] "GET /templates/css/styles.css HTTP/1.1" 200 1191
::1 - - [06/Sep/2022:23:43:48 +0300] "GET /templates/ HTTP/1.1" 304 -
::1 - - [06/Sep/2022:23:43:48 +0300] "GET /templates/css/styles.css HTTP/1.1" 200 1216
::1 - - [06/Sep/2022:23:44:02 +0300] "GET /templates/ HTTP/1.1" 304 -
::1 - - [06/Sep/2022:23:44:02 +0300] "GET /templates/css/styles.css HTTP/1.1" 200 1204
::1 - - [06/Sep/2022:23:45:02 +0300] "-" 408 -
::1 - - [06/Sep/2022:23:45:16 +0300] "GET /templates/ HTTP/1.1" 200 3988
::1 - - [06/Sep/2022:23:45:16 +0300] "GET /templates/css/styles.css HTTP/1.1" 200 1265
::1 - - [06/Sep/2022:23:45:17 +0300] "GET /templates/ HTTP/1.1" 304 -
::1 - - [06/Sep/2022:23:45:17 +0300] "GET /templates/css/styles.css HTTP/1.1" 304 -
::1 - - [06/Sep/2022:23:45:30 +0300] "GET /templates/ HTTP/1.1" 304 -
::1 - - [06/Sep/2022:23:45:30 +0300] "GET /templates/css/styles.css HTTP/1.1" 200 1266
::1 - - [06/Sep/2022:23:46:08 +0300] "GET /templates/ HTTP/1.1" 200 3979
::1 - - [06/Sep/2022:23:46:08 +0300] "GET /templates/css/styles.css HTTP/1.1" 304 -
::1 - - [06/Sep/2022:23:46:25 +0300] "GET /templates/ HTTP/1.1" 304 -
::1 - - [06/Sep/2022:23:46:25 +0300] "GET /templates/css/styles.css HTTP/1.1" 200 1265
::1 - - [06/Sep/2022:23:46:35 +0300] "GET /templates/ HTTP/1.1" 304 -
::1 - - [06/Sep/2022:23:46:36 +0300] "GET /templates/css/styles.css HTTP/1.1" 200 1266
::1 - - [06/Sep/2022:23:46:54 +0300] "GET /templates/ HTTP/1.1" 200 3988
::1 - - [06/Sep/2022:23:46:54 +0300] "GET /templates/css/styles.css HTTP/1.1" 304 -
::1 - - [06/Sep/2022:23:47:54 +0300] "-" 408 -
::1 - - [06/Sep/2022:23:50:50 +0300] "GET /templates/ HTTP/1.1" 200 4025
::1 - - [06/Sep/2022:23:50:50 +0300] "GET /templates/css/styles.css HTTP/1.1" 200 1266
::1 - - [06/Sep/2022:23:51:33 +0300] "GET /templates/ HTTP/1.1" 304 -
::1 - - [06/Sep/2022:23:51:33 +0300] "GET /templates/css/styles.css HTTP/1.1" 200 1262
::1 - - [06/Sep/2022:23:51:34 +0300] "GET /templates/ HTTP/1.1" 304 -
::1 - - [06/Sep/2022:23:51:34 +0300] "GET /templates/css/styles.css HTTP/1.1" 304 -
::1 - - [06/Sep/2022:23:51:39 +0300] "GET /templates/ HTTP/1.1" 200 4040
::1 - - [06/Sep/2022:23:51:39 +0300] "GET /templates/css/styles.css HTTP/1.1" 304 -
::1 - - [06/Sep/2022:23:52:07 +0300] "GET /templates/ HTTP/1.1" 200 4055
::1 - - [06/Sep/2022:23:52:07 +0300] "GET /templates/css/styles.css HTTP/1.1" 304 -
::1 - - [06/Sep/2022:23:52:35 +0300] "GET /templates/ HTTP/1.1" 200 4059
::1 - - [06/Sep/2022:23:52:35 +0300] "GET /templates/css/styles.css HTTP/1.1" 304 -
::1 - - [06/Sep/2022:23:52:40 +0300] "GET /templates/ HTTP/1.1" 200 4063
::1 - - [06/Sep/2022:23:53:35 +0300] "-" 408 -
::1 - - [06/Sep/2022:23:53:45 +0300] "GET /templates/ HTTP/1.1" 200 4070
::1 - - [06/Sep/2022:23:53:45 +0300] "GET /templates/css/styles.css HTTP/1.1" 304 -
::1 - - [06/Sep/2022:23:54:15 +0300] "GET /templates/ HTTP/1.1" 304 -
::1 - - [06/Sep/2022:23:54:15 +0300] "GET /templates/css/styles.css HTTP/1.1" 200 1250
::1 - - [06/Sep/2022:23:54:16 +0300] "GET /templates/ HTTP/1.1" 304 -
::1 - - [06/Sep/2022:23:54:16 +0300] "GET /templates/css/styles.css HTTP/1.1" 304 -
::1 - - [06/Sep/2022:23:54:26 +0300] "GET /templates/ HTTP/1.1" 304 -
::1 - - [06/Sep/2022:23:54:26 +0300] "GET /templates/css/styles.css HTTP/1.1" 200 1239
::1 - - [06/Sep/2022:23:54:27 +0300] "GET /templates/ HTTP/1.1" 304 -
::1 - - [06/Sep/2022:23:54:27 +0300] "GET /templates/css/styles.css HTTP/1.1" 304 -
::1 - - [06/Sep/2022:23:54:44 +0300] "GET /templates/ HTTP/1.1" 304 -
::1 - - [06/Sep/2022:23:54:44 +0300] "GET /templates/css/styles.css HTTP/1.1" 200 1243
::1 - - [06/Sep/2022:23:54:45 +0300] "GET /templates/ HTTP/1.1" 304 -
::1 - - [06/Sep/2022:23:54:45 +0300] "GET /templates/css/styles.css HTTP/1.1" 304 -
::1 - - [06/Sep/2022:23:54:45 +0300] "GET /templates/ HTTP/1.1" 304 -
::1 - - [06/Sep/2022:23:54:45 +0300] "GET /templates/css/styles.css HTTP/1.1" 304 -
::1 - - [06/Sep/2022:23:55:26 +0300] "GET /templates/ HTTP/1.1" 200 4063
::1 - - [06/Sep/2022:23:55:26 +0300] "GET /templates/css/styles.css HTTP/1.1" 200 1282
::1 - - [06/Sep/2022:23:55:27 +0300] "GET /templates/ HTTP/1.1" 304 -
::1 - - [06/Sep/2022:23:55:27 +0300] "GET /templates/css/styles.css HTTP/1.1" 304 -
::1 - - [06/Sep/2022:23:55:27 +0300] "GET /templates/ HTTP/1.1" 304 -
::1 - - [06/Sep/2022:23:55:34 +0300] "GET /templates/ HTTP/1.1" 304 -
::1 - - [06/Sep/2022:23:55:34 +0300] "GET /templates/css/styles.css HTTP/1.1" 200 1293
::1 - - [06/Sep/2022:23:55:44 +0300] "GET /templates/ HTTP/1.1" 304 -
::1 - - [06/Sep/2022:23:55:44 +0300] "GET /templates/css/styles.css HTTP/1.1" 200 1318
::1 - - [06/Sep/2022:23:55:52 +0300] "GET /templates/ HTTP/1.1" 304 -
::1 - - [06/Sep/2022:23:55:52 +0300] "GET /templates/css/styles.css HTTP/1.1" 200 1299
::1 - - [06/Sep/2022:23:56:06 +0300] "GET /templates/ HTTP/1.1" 304 -
::1 - - [06/Sep/2022:23:56:06 +0300] "GET /templates/css/styles.css HTTP/1.1" 200 1309
::1 - - [06/Sep/2022:23:56:31 +0300] "GET /templates/ HTTP/1.1" 304 -
::1 - - [06/Sep/2022:23:56:31 +0300] "GET /templates/css/styles.css HTTP/1.1" 200 1335
::1 - - [06/Sep/2022:23:56:42 +0300] "GET /templates/ HTTP/1.1" 304 -
::1 - - [06/Sep/2022:23:56:42 +0300] "GET /templates/css/styles.css HTTP/1.1" 200 1311
::1 - - [06/Sep/2022:23:57:04 +0300] "GET /templates/ HTTP/1.1" 304 -
::1 - - [06/Sep/2022:23:57:04 +0300] "GET /templates/css/styles.css HTTP/1.1" 200 1358
::1 - - [06/Sep/2022:23:57:04 +0300] "GET /templates/ HTTP/1.1" 304 -
::1 - - [06/Sep/2022:23:57:04 +0300] "GET /templates/css/styles.css HTTP/1.1" 304 -
::1 - - [06/Sep/2022:23:57:04 +0300] "GET /templates/ HTTP/1.1" 304 -
::1 - - [06/Sep/2022:23:57:04 +0300] "GET /templates/css/styles.css HTTP/1.1" 304 -
::1 - - [06/Sep/2022:23:57:11 +0300] "GET /templates/ HTTP/1.1" 304 -
::1 - - [06/Sep/2022:23:57:11 +0300] "GET /templates/css/styles.css HTTP/1.1" 200 1360
::1 - - [06/Sep/2022:23:57:11 +0300] "GET /templates/ HTTP/1.1" 304 -
::1 - - [06/Sep/2022:23:57:11 +0300] "GET /templates/css/styles.css HTTP/1.1" 304 -
::1 - - [06/Sep/2022:23:57:11 +0300] "GET /templates/ HTTP/1.1" 304 -
::1 - - [06/Sep/2022:23:57:11 +0300] "GET /templates/css/styles.css HTTP/1.1" 304 -
::1 - - [06/Sep/2022:23:57:26 +0300] "GET /templates/ HTTP/1.1" 304 -
::1 - - [06/Sep/2022:23:57:26 +0300] "GET /templates/css/styles.css HTTP/1.1" 200 1358
::1 - - [06/Sep/2022:23:57:41 +0300] "GET /templates/ HTTP/1.1" 304 -
::1 - - [06/Sep/2022:23:57:41 +0300] "GET /templates/css/styles.css HTTP/1.1" 200 1357
::1 - - [06/Sep/2022:23:57:42 +0300] "GET /templates/ HTTP/1.1" 304 -
::1 - - [06/Sep/2022:23:57:42 +0300] "GET /templates/css/styles.css HTTP/1.1" 304 -
::1 - - [06/Sep/2022:23:57:42 +0300] "GET /templates/ HTTP/1.1" 304 -
::1 - - [06/Sep/2022:23:57:42 +0300] "GET /templates/css/styles.css HTTP/1.1" 304 -
::1 - - [06/Sep/2022:23:57:42 +0300] "GET /templates/ HTTP/1.1" 304 -
::1 - - [06/Sep/2022:23:57:42 +0300] "GET /templates/css/styles.css HTTP/1.1" 304 -
::1 - - [06/Sep/2022:23:57:54 +0300] "GET /templates/ HTTP/1.1" 304 -
::1 - - [06/Sep/2022:23:57:54 +0300] "GET /templates/css/styles.css HTTP/1.1" 200 1308
::1 - - [06/Sep/2022:23:58:37 +0300] "GET /templates/ HTTP/1.1" 304 -
::1 - - [06/Sep/2022:23:58:37 +0300] "GET /templates/css/styles.css HTTP/1.1" 200 1324
::1 - - [06/Sep/2022:23:58:42 +0300] "GET /templates/ HTTP/1.1" 304 -
::1 - - [06/Sep/2022:23:58:42 +0300] "GET /templates/css/styles.css HTTP/1.1" 200 1308
::1 - - [06/Sep/2022:23:58:50 +0300] "GET /templates/ HTTP/1.1" 304 -
::1 - - [06/Sep/2022:23:58:50 +0300] "GET /templates/css/styles.css HTTP/1.1" 200 1333
::1 - - [06/Sep/2022:23:58:56 +0300] "GET /templates/ HTTP/1.1" 304 -
::1 - - [06/Sep/2022:23:58:56 +0300] "GET /templates/css/styles.css HTTP/1.1" 200 1333
::1 - - [06/Sep/2022:23:59:01 +0300] "GET /templates/ HTTP/1.1" 304 -
::1 - - [06/Sep/2022:23:59:01 +0300] "GET /templates/css/styles.css HTTP/1.1" 200 1332
::1 - - [07/Sep/2022:00:00:01 +0300] "-" 408 -
::1 - - [07/Sep/2022:00:00:13 +0300] "GET /templates/ HTTP/1.1" 200 4084
::1 - - [07/Sep/2022:00:00:13 +0300] "GET /templates/css/styles.css HTTP/1.1" 304 -
::1 - - [07/Sep/2022:00:00:13 +0300] "GET /templates/ HTTP/1.1" 304 -
::1 - - [07/Sep/2022:00:00:21 +0300] "GET /templates/ HTTP/1.1" 200 4085
::1 - - [07/Sep/2022:00:00:21 +0300] "GET /templates/css/styles.css HTTP/1.1" 304 -
::1 - - [07/Sep/2022:00:00:21 +0300] "GET /templates/ HTTP/1.1" 304 -
::1 - - [07/Sep/2022:00:00:45 +0300] "GET /templates/ HTTP/1.1" 200 4088
::1 - - [07/Sep/2022:00:00:45 +0300] "GET /templates/css/styles.css HTTP/1.1" 304 -
::1 - - [07/Sep/2022:00:01:01 +0300] "GET /templates/ HTTP/1.1" 200 4072
::1 - - [07/Sep/2022:00:01:01 +0300] "GET /templates/css/styles.css HTTP/1.1" 304 -
::1 - - [07/Sep/2022:00:01:11 +0300] "GET /templates/ HTTP/1.1" 200 4063
::1 - - [07/Sep/2022:00:02:11 +0300] "-" 408 -
::1 - - [07/Sep/2022:00:02:13 +0300] "GET /templates/ HTTP/1.1" 200 4399
::1 - - [07/Sep/2022:00:02:13 +0300] "GET /templates/css/styles.css HTTP/1.1" 304 -
::1 - - [07/Sep/2022:00:02:36 +0300] "GET /templates/ HTTP/1.1" 200 4415
::1 - - [07/Sep/2022:00:02:36 +0300] "GET /templates/css/styles.css HTTP/1.1" 304 -
::1 - - [07/Sep/2022:00:02:52 +0300] "GET /templates/ HTTP/1.1" 200 4430
::1 - - [07/Sep/2022:00:03:52 +0300] "-" 408 -
::1 - - [07/Sep/2022:00:04:26 +0300] "GET /templates/ HTTP/1.1" 200 4497
::1 - - [07/Sep/2022:00:04:26 +0300] "GET /templates/css/styles.css HTTP/1.1" 304 -
::1 - - [07/Sep/2022:00:05:14 +0300] "GET /templates/ HTTP/1.1" 200 4496
::1 - - [07/Sep/2022:00:05:14 +0300] "GET /templates/css/styles.css HTTP/1.1" 304 -
::1 - - [07/Sep/2022:00:05:47 +0300] "GET /templates/ HTTP/1.1" 200 4424
::1 - - [07/Sep/2022:00:06:28 +0300] "GET /templates/ HTTP/1.1" 200 4556
::1 - - [07/Sep/2022:00:06:28 +0300] "GET /templates/css/styles.css HTTP/1.1" 304 -
::1 - - [07/Sep/2022:00:07:07 +0300] "GET /templates/ HTTP/1.1" 200 4475
::1 - - [07/Sep/2022:00:08:07 +0300] "-" 408 -
::1 - - [07/Sep/2022:00:08:34 +0300] "GET /templates/ HTTP/1.1" 200 4435
::1 - - [07/Sep/2022:00:08:34 +0300] "GET /templates/css/styles.css HTTP/1.1" 200 1495
::1 - - [07/Sep/2022:00:09:25 +0300] "GET /templates/ HTTP/1.1" 304 -
::1 - - [07/Sep/2022:00:09:25 +0300] "GET /templates/css/styles.css HTTP/1.1" 200 1479
::1 - - [07/Sep/2022:00:09:42 +0300] "GET /templates/ HTTP/1.1" 304 -
::1 - - [07/Sep/2022:00:09:42 +0300] "GET /templates/css/styles.css HTTP/1.1" 200 1517
::1 - - [07/Sep/2022:00:09:51 +0300] "GET /templates/ HTTP/1.1" 200 4443
::1 - - [07/Sep/2022:00:09:51 +0300] "GET /templates/css/styles.css HTTP/1.1" 304 -
::1 - - [07/Sep/2022:00:09:56 +0300] "GET /templates/ HTTP/1.1" 200 4439
::1 - - [07/Sep/2022:00:09:56 +0300] "GET /templates/css/styles.css HTTP/1.1" 304 -
::1 - - [07/Sep/2022:00:10:11 +0300] "GET /templates/ HTTP/1.1" 304 -
::1 - - [07/Sep/2022:00:10:11 +0300] "GET /templates/css/styles.css HTTP/1.1" 200 1556
::1 - - [07/Sep/2022:00:10:23 +0300] "GET /templates/ HTTP/1.1" 304 -
::1 - - [07/Sep/2022:00:10:23 +0300] "GET /templates/css/styles.css HTTP/1.1" 200 1555
::1 - - [07/Sep/2022:00:10:56 +0300] "GET /templates/ HTTP/1.1" 304 -
::1 - - [07/Sep/2022:00:10:56 +0300] "GET /templates/css/styles.css HTTP/1.1" 304 -
::1 - - [07/Sep/2022:00:11:56 +0300] "-" 408 -
::1 - - [07/Sep/2022:00:13:13 +0300] "GET /templates/ HTTP/1.1" 304 -
::1 - - [07/Sep/2022:00:13:13 +0300] "GET /templates/css/styles.css HTTP/1.1" 304 -
::1 - - [07/Sep/2022:00:13:18 +0300] "POST /src/display.php HTTP/1.1" 200 14
::1 - - [07/Sep/2022:00:14:13 +0300] "-" 408 -
::1 - - [07/Sep/2022:21:09:57 +0300] "GET /templates/ HTTP/1.1" 200 4814
::1 - - [07/Sep/2022:21:09:57 +0300] "GET /templates/css/styles.css HTTP/1.1" 200 1842
::1 - - [07/Sep/2022:21:10:57 +0300] "-" 408 -
::1 - - [07/Sep/2022:21:12:06 +0300] "GET /templates/ HTTP/1.1" 200 4871
::1 - - [07/Sep/2022:21:12:06 +0300] "GET /templates/css/styles.css HTTP/1.1" 200 1865
::1 - - [07/Sep/2022:21:12:15 +0300] "GET /templates/ HTTP/1.1" 304 -
::1 - - [07/Sep/2022:21:12:15 +0300] "GET /templates/css/styles.css HTTP/1.1" 200 1842
::1 - - [07/Sep/2022:21:13:15 +0300] "-" 408 -
::1 - - [07/Sep/2022:21:13:21 +0300] "GET /templates/ HTTP/1.1" 200 4878
::1 - - [07/Sep/2022:21:13:21 +0300] "GET /templates/css/styles.css HTTP/1.1" 304 -
::1 - - [07/Sep/2022:21:14:12 +0300] "GET /templates/ HTTP/1.1" 304 -
::1 - - [07/Sep/2022:21:14:12 +0300] "GET /templates/css/styles.css HTTP/1.1" 200 1919
::1 - - [07/Sep/2022:21:14:16 +0300] "GET /templates/ HTTP/1.1" 304 -
::1 - - [07/Sep/2022:21:14:16 +0300] "GET /templates/css/styles.css HTTP/1.1" 200 1918
::1 - - [07/Sep/2022:21:14:29 +0300] "GET /templates/ HTTP/1.1" 304 -
::1 - - [07/Sep/2022:21:14:29 +0300] "GET /templates/css/styles.css HTTP/1.1" 200 1941
::1 - - [07/Sep/2022:21:14:29 +0300] "GET /templates/ HTTP/1.1" 304 -
::1 - - [07/Sep/2022:21:14:29 +0300] "GET /templates/css/styles.css HTTP/1.1" 304 -
::1 - - [07/Sep/2022:21:14:44 +0300] "GET /templates/ HTTP/1.1" 304 -
::1 - - [07/Sep/2022:21:14:44 +0300] "GET /templates/css/styles.css HTTP/1.1" 200 1937
::1 - - [07/Sep/2022:21:14:45 +0300] "GET /templates/ HTTP/1.1" 304 -
::1 - - [07/Sep/2022:21:14:45 +0300] "GET /templates/css/styles.css HTTP/1.1" 304 -
::1 - - [07/Sep/2022:21:14:45 +0300] "GET /templates/ HTTP/1.1" 304 -
::1 - - [07/Sep/2022:21:14:45 +0300] "GET /templates/css/styles.css HTTP/1.1" 304 -
::1 - - [07/Sep/2022:21:14:45 +0300] "GET /templates/ HTTP/1.1" 304 -
::1 - - [07/Sep/2022:21:14:45 +0300] "GET /templates/css/styles.css HTTP/1.1" 304 -
::1 - - [07/Sep/2022:21:14:56 +0300] "GET /templates/ HTTP/1.1" 200 4853
::1 - - [07/Sep/2022:21:14:56 +0300] "GET /templates/css/styles.css HTTP/1.1" 304 -
::1 - - [07/Sep/2022:21:14:56 +0300] "GET /templates/ HTTP/1.1" 304 -
::1 - - [07/Sep/2022:21:14:56 +0300] "GET /templates/ HTTP/1.1" 304 -
::1 - - [07/Sep/2022:21:14:56 +0300] "GET /templates/ HTTP/1.1" 304 -
::1 - - [07/Sep/2022:21:15:07 +0300] "GET /templates/ HTTP/1.1" 200 4834
::1 - - [07/Sep/2022:21:15:07 +0300] "GET /templates/css/styles.css HTTP/1.1" 304 -
::1 - - [07/Sep/2022:21:15:07 +0300] "GET /templates/ HTTP/1.1" 304 -
::1 - - [07/Sep/2022:21:15:24 +0300] "GET /templates/ HTTP/1.1" 304 -
::1 - - [07/Sep/2022:21:15:24 +0300] "GET /templates/css/styles.css HTTP/1.1" 200 1905
::1 - - [07/Sep/2022:21:15:25 +0300] "GET /templates/ HTTP/1.1" 304 -
::1 - - [07/Sep/2022:21:15:25 +0300] "GET /templates/css/styles.css HTTP/1.1" 304 -
::1 - - [07/Sep/2022:21:15:26 +0300] "GET /templates/ HTTP/1.1" 304 -
::1 - - [07/Sep/2022:21:15:26 +0300] "GET /templates/css/styles.css HTTP/1.1" 304 -
::1 - - [07/Sep/2022:21:15:26 +0300] "GET /templates/ HTTP/1.1" 304 -
::1 - - [07/Sep/2022:21:15:35 +0300] "GET /templates/ HTTP/1.1" 304 -
::1 - - [07/Sep/2022:21:15:35 +0300] "GET /templates/css/styles.css HTTP/1.1" 200 1920
::1 - - [07/Sep/2022:21:15:36 +0300] "GET /templates/ HTTP/1.1" 304 -
::1 - - [07/Sep/2022:21:15:36 +0300] "GET /templates/css/styles.css HTTP/1.1" 304 -
::1 - - [07/Sep/2022:21:15:36 +0300] "GET /templates/ HTTP/1.1" 304 -
::1 - - [07/Sep/2022:21:15:36 +0300] "GET /templates/css/styles.css HTTP/1.1" 304 -
::1 - - [07/Sep/2022:21:15:36 +0300] "GET /templates/ HTTP/1.1" 304 -
::1 - - [07/Sep/2022:21:15:36 +0300] "GET /templates/css/styles.css HTTP/1.1" 304 -
::1 - - [07/Sep/2022:21:15:36 +0300] "GET /templates/ HTTP/1.1" 304 -
::1 - - [07/Sep/2022:21:15:36 +0300] "GET /templates/css/styles.css HTTP/1.1" 304 -
::1 - - [07/Sep/2022:21:15:36 +0300] "GET /templates/ HTTP/1.1" 304 -
::1 - - [07/Sep/2022:21:15:36 +0300] "GET /templates/css/styles.css HTTP/1.1" 304 -
::1 - - [07/Sep/2022:21:16:21 +0300] "GET /templates/ HTTP/1.1" 304 -
::1 - - [07/Sep/2022:21:16:21 +0300] "GET /templates/css/styles.css HTTP/1.1" 200 1921
::1 - - [07/Sep/2022:21:16:22 +0300] "GET /templates/ HTTP/1.1" 304 -
::1 - - [07/Sep/2022:21:16:22 +0300] "GET /templates/css/styles.css HTTP/1.1" 304 -
::1 - - [07/Sep/2022:21:16:22 +0300] "GET /templates/ HTTP/1.1" 304 -
::1 - - [07/Sep/2022:21:16:22 +0300] "GET /templates/css/styles.css HTTP/1.1" 304 -
::1 - - [07/Sep/2022:21:16:31 +0300] "GET /templates/ HTTP/1.1" 304 -
::1 - - [07/Sep/2022:21:16:31 +0300] "GET /templates/css/styles.css HTTP/1.1" 200 1900
::1 - - [07/Sep/2022:21:16:35 +0300] "GET /templates/ HTTP/1.1" 304 -
::1 - - [07/Sep/2022:21:16:35 +0300] "GET /templates/css/styles.css HTTP/1.1" 200 1900
::1 - - [07/Sep/2022:21:17:31 +0300] "-" 408 -
::1 - - [07/Sep/2022:21:17:39 +0300] "GET /templates/ HTTP/1.1" 304 -
::1 - - [07/Sep/2022:21:17:39 +0300] "GET /templates/css/styles.css HTTP/1.1" 200 1919
::1 - - [07/Sep/2022:21:17:39 +0300] "GET /templates/ HTTP/1.1" 304 -
::1 - - [07/Sep/2022:21:17:39 +0300] "GET /templates/css/styles.css HTTP/1.1" 304 -
::1 - - [07/Sep/2022:21:17:39 +0300] "GET /templates/ HTTP/1.1" 304 -
::1 - - [07/Sep/2022:21:17:40 +0300] "GET /templates/css/styles.css HTTP/1.1" 304 -
::1 - - [07/Sep/2022:21:17:45 +0300] "GET /templates/ HTTP/1.1" 304 -
::1 - - [07/Sep/2022:21:17:45 +0300] "GET /templates/css/styles.css HTTP/1.1" 200 1906
::1 - - [07/Sep/2022:21:17:45 +0300] "GET /templates/ HTTP/1.1" 304 -
::1 - - [07/Sep/2022:21:17:45 +0300] "GET /templates/css/styles.css HTTP/1.1" 304 -
::1 - - [07/Sep/2022:21:17:45 +0300] "GET /templates/ HTTP/1.1" 304 -
::1 - - [07/Sep/2022:21:17:45 +0300] "GET /templates/css/styles.css HTTP/1.1" 304 -
::1 - - [07/Sep/2022:21:18:45 +0300] "-" 408 -
::1 - - [07/Sep/2022:21:21:39 +0300] "GET /templates/ HTTP/1.1" 304 -
::1 - - [07/Sep/2022:21:21:39 +0300] "GET /templates/css/styles.css HTTP/1.1" 200 1949
::1 - - [07/Sep/2022:21:21:53 +0300] "GET /templates/ HTTP/1.1" 304 -
::1 - - [07/Sep/2022:21:21:53 +0300] "GET /templates/css/styles.css HTTP/1.1" 200 1949
::1 - - [07/Sep/2022:21:22:09 +0300] "GET /templates/ HTTP/1.1" 304 -
::1 - - [07/Sep/2022:21:22:09 +0300] "GET /templates/css/styles.css HTTP/1.1" 200 1954
::1 - - [07/Sep/2022:21:22:24 +0300] "GET /templates/ HTTP/1.1" 304 -
::1 - - [07/Sep/2022:21:22:24 +0300] "GET /templates/css/styles.css HTTP/1.1" 200 1978
::1 - - [07/Sep/2022:21:22:25 +0300] "GET /templates/ HTTP/1.1" 304 -
::1 - - [07/Sep/2022:21:22:25 +0300] "GET /templates/css/styles.css HTTP/1.1" 304 -
::1 - - [07/Sep/2022:21:22:25 +0300] "GET /templates/ HTTP/1.1" 304 -
::1 - - [07/Sep/2022:21:22:35 +0300] "GET /templates/ HTTP/1.1" 304 -
::1 - - [07/Sep/2022:21:22:35 +0300] "GET /templates/css/styles.css HTTP/1.1" 200 1995
::1 - - [07/Sep/2022:21:22:41 +0300] "GET /templates/ HTTP/1.1" 304 -
::1 - - [07/Sep/2022:21:22:41 +0300] "GET /templates/css/styles.css HTTP/1.1" 200 1996
::1 - - [07/Sep/2022:21:22:41 +0300] "GET /templates/ HTTP/1.1" 304 -
::1 - - [07/Sep/2022:21:22:41 +0300] "GET /templates/css/styles.css HTTP/1.1" 304 -
::1 - - [07/Sep/2022:21:22:42 +0300] "GET /templates/ HTTP/1.1" 304 -
::1 - - [07/Sep/2022:21:22:42 +0300] "GET /templates/css/styles.css HTTP/1.1" 304 -
::1 - - [07/Sep/2022:21:22:42 +0300] "GET /templates/ HTTP/1.1" 304 -
::1 - - [07/Sep/2022:21:23:01 +0300] "GET /templates/ HTTP/1.1" 304 -
::1 - - [07/Sep/2022:21:23:01 +0300] "GET /templates/css/styles.css HTTP/1.1" 200 1982
::1 - - [07/Sep/2022:21:23:02 +0300] "GET /templates/ HTTP/1.1" 304 -
::1 - - [07/Sep/2022:21:23:02 +0300] "GET /templates/css/styles.css HTTP/1.1" 304 -
::1 - - [07/Sep/2022:21:23:07 +0300] "GET /templates/ HTTP/1.1" 304 -
::1 - - [07/Sep/2022:21:23:07 +0300] "GET /templates/css/styles.css HTTP/1.1" 200 1983
::1 - - [07/Sep/2022:21:23:27 +0300] "GET /templates/ HTTP/1.1" 304 -
::1 - - [07/Sep/2022:21:23:27 +0300] "GET /templates/css/styles.css HTTP/1.1" 200 1874
::1 - - [07/Sep/2022:21:23:27 +0300] "GET /templates/ HTTP/1.1" 304 -
::1 - - [07/Sep/2022:21:23:27 +0300] "GET /templates/css/styles.css HTTP/1.1" 304 -
::1 - - [07/Sep/2022:21:23:37 +0300] "GET /templates/ HTTP/1.1" 304 -
::1 - - [07/Sep/2022:21:23:37 +0300] "GET /templates/css/styles.css HTTP/1.1" 200 1853
::1 - - [07/Sep/2022:21:23:37 +0300] "GET /templates/ HTTP/1.1" 304 -
::1 - - [07/Sep/2022:21:23:37 +0300] "GET /templates/css/styles.css HTTP/1.1" 304 -
::1 - - [07/Sep/2022:21:23:38 +0300] "GET /templates/ HTTP/1.1" 304 -
::1 - - [07/Sep/2022:21:23:38 +0300] "GET /templates/css/styles.css HTTP/1.1" 304 -
::1 - - [07/Sep/2022:21:23:38 +0300] "GET /templates/ HTTP/1.1" 304 -
::1 - - [07/Sep/2022:21:23:38 +0300] "GET /templates/css/styles.css HTTP/1.1" 304 -
::1 - - [07/Sep/2022:21:23:46 +0300] "GET /templates/ HTTP/1.1" 304 -
::1 - - [07/Sep/2022:21:23:46 +0300] "GET /templates/css/styles.css HTTP/1.1" 200 1847
::1 - - [07/Sep/2022:21:23:58 +0300] "GET /templates/ HTTP/1.1" 304 -
::1 - - [07/Sep/2022:21:23:58 +0300] "GET /templates/css/styles.css HTTP/1.1" 200 1743
::1 - - [07/Sep/2022:21:24:03 +0300] "GET /templates/ HTTP/1.1" 304 -
::1 - - [07/Sep/2022:21:24:03 +0300] "GET /templates/css/styles.css HTTP/1.1" 200 1701
::1 - - [07/Sep/2022:21:24:19 +0300] "GET /templates/ HTTP/1.1" 304 -
::1 - - [07/Sep/2022:21:24:19 +0300] "GET /templates/css/styles.css HTTP/1.1" 200 1724
::1 - - [07/Sep/2022:21:24:20 +0300] "GET /templates/ HTTP/1.1" 304 -
::1 - - [07/Sep/2022:21:24:20 +0300] "GET /templates/css/styles.css HTTP/1.1" 304 -
::1 - - [07/Sep/2022:21:24:20 +0300] "GET /templates/ HTTP/1.1" 304 -
::1 - - [07/Sep/2022:21:24:20 +0300] "GET /templates/css/styles.css HTTP/1.1" 304 -
::1 - - [07/Sep/2022:21:24:20 +0300] "GET /templates/ HTTP/1.1" 304 -
::1 - - [07/Sep/2022:21:24:20 +0300] "GET /templates/css/styles.css HTTP/1.1" 304 -
::1 - - [07/Sep/2022:21:24:26 +0300] "GET /templates/ HTTP/1.1" 304 -
::1 - - [07/Sep/2022:21:24:26 +0300] "GET /templates/css/styles.css HTTP/1.1" 200 1725
::1 - - [07/Sep/2022:21:24:27 +0300] "GET /templates/ HTTP/1.1" 304 -
::1 - - [07/Sep/2022:21:24:27 +0300] "GET /templates/css/styles.css HTTP/1.1" 304 -
::1 - - [07/Sep/2022:21:24:27 +0300] "GET /templates/ HTTP/1.1" 304 -
::1 - - [07/Sep/2022:21:24:27 +0300] "GET /templates/css/styles.css HTTP/1.1" 304 -
::1 - - [07/Sep/2022:21:24:27 +0300] "GET /templates/ HTTP/1.1" 304 -
::1 - - [07/Sep/2022:21:24:27 +0300] "GET /templates/css/styles.css HTTP/1.1" 304 -
::1 - - [07/Sep/2022:21:24:27 +0300] "GET /templates/ HTTP/1.1" 304 -
::1 - - [07/Sep/2022:21:24:27 +0300] "GET /templates/css/styles.css HTTP/1.1" 304 -
::1 - - [07/Sep/2022:21:24:40 +0300] "GET /templates/ HTTP/1.1" 304 -
::1 - - [07/Sep/2022:21:24:40 +0300] "GET /templates/css/styles.css HTTP/1.1" 200 1719
::1 - - [07/Sep/2022:21:24:41 +0300] "GET /templates/ HTTP/1.1" 304 -
::1 - - [07/Sep/2022:21:24:41 +0300] "GET /templates/css/styles.css HTTP/1.1" 304 -
::1 - - [07/Sep/2022:21:24:41 +0300] "GET /templates/ HTTP/1.1" 304 -
::1 - - [07/Sep/2022:21:24:41 +0300] "GET /templates/css/styles.css HTTP/1.1" 304 -
::1 - - [07/Sep/2022:21:24:41 +0300] "GET /templates/ HTTP/1.1" 304 -
::1 - - [07/Sep/2022:21:24:41 +0300] "GET /templates/css/styles.css HTTP/1.1" 304 -
::1 - - [07/Sep/2022:21:24:48 +0300] "GET /templates/ HTTP/1.1" 304 -
::1 - - [07/Sep/2022:21:24:48 +0300] "GET /templates/css/styles.css HTTP/1.1" 200 1616
::1 - - [07/Sep/2022:21:24:48 +0300] "GET /templates/ HTTP/1.1" 304 -
::1 - - [07/Sep/2022:21:24:48 +0300] "GET /templates/css/styles.css HTTP/1.1" 304 -
::1 - - [07/Sep/2022:21:24:49 +0300] "GET /templates/ HTTP/1.1" 304 -
::1 - - [07/Sep/2022:21:24:49 +0300] "GET /templates/css/styles.css HTTP/1.1" 304 -
::1 - - [07/Sep/2022:21:24:49 +0300] "GET /templates/ HTTP/1.1" 304 -
::1 - - [07/Sep/2022:21:24:49 +0300] "GET /templates/css/styles.css HTTP/1.1" 304 -
::1 - - [07/Sep/2022:21:24:49 +0300] "GET /templates/ HTTP/1.1" 304 -
::1 - - [07/Sep/2022:21:24:49 +0300] "GET /templates/css/styles.css HTTP/1.1" 304 -
::1 - - [07/Sep/2022:21:24:49 +0300] "GET /templates/ HTTP/1.1" 304 -
::1 - - [07/Sep/2022:21:24:49 +0300] "GET /templates/css/styles.css HTTP/1.1" 304 -
::1 - - [07/Sep/2022:21:24:58 +0300] "GET /templates/ HTTP/1.1" 304 -
::1 - - [07/Sep/2022:21:24:58 +0300] "GET /templates/css/styles.css HTTP/1.1" 304 -
::1 - - [07/Sep/2022:21:24:58 +0300] "GET /templates/ HTTP/1.1" 304 -
::1 - - [07/Sep/2022:21:24:58 +0300] "GET /templates/ HTTP/1.1" 304 -
::1 - - [07/Sep/2022:21:24:58 +0300] "GET /templates/ HTTP/1.1" 304 -
::1 - - [07/Sep/2022:21:24:58 +0300] "GET /templates/ HTTP/1.1" 304 -
::1 - - [07/Sep/2022:21:24:59 +0300] "GET /templates/ HTTP/1.1" 304 -
::1 - - [07/Sep/2022:21:24:59 +0300] "GET /templates/ HTTP/1.1" 304 -
::1 - - [07/Sep/2022:21:24:59 +0300] "GET /templates/css/styles.css HTTP/1.1" 304 -
::1 - - [07/Sep/2022:21:25:08 +0300] "GET / HTTP/1.1" 200 375
::1 - - [07/Sep/2022:21:25:11 +0300] "GET /src/ HTTP/1.1" 200 258
::1 - - [07/Sep/2022:21:25:13 +0300] "GET /templates/css/styles.css HTTP/1.1" 304 -
::1 - - [07/Sep/2022:21:25:37 +0300] "GET /templates/ HTTP/1.1" 200 4815
::1 - - [07/Sep/2022:21:25:37 +0300] "GET /templates/css/styles.css HTTP/1.1" 200 1614
::1 - - [07/Sep/2022:21:25:38 +0300] "GET /templates/ HTTP/1.1" 304 -
::1 - - [07/Sep/2022:21:25:48 +0300] "GET /templates/ HTTP/1.1" 304 -
::1 - - [07/Sep/2022:21:25:48 +0300] "GET /templates/css/styles.css HTTP/1.1" 200 1633
::1 - - [07/Sep/2022:21:25:48 +0300] "GET /templates/ HTTP/1.1" 304 -
::1 - - [07/Sep/2022:21:25:48 +0300] "GET /templates/css/styles.css HTTP/1.1" 304 -
::1 - - [07/Sep/2022:21:25:49 +0300] "GET /templates/ HTTP/1.1" 304 -
::1 - - [07/Sep/2022:21:25:49 +0300] "GET /templates/css/styles.css HTTP/1.1" 304 -
::1 - - [07/Sep/2022:21:25:54 +0300] "GET /templates/ HTTP/1.1" 304 -
::1 - - [07/Sep/2022:21:25:54 +0300] "GET /templates/css/styles.css HTTP/1.1" 200 1634
::1 - - [07/Sep/2022:21:25:55 +0300] "GET /templates/ HTTP/1.1" 304 -
::1 - - [07/Sep/2022:21:25:55 +0300] "GET /templates/css/styles.css HTTP/1.1" 304 -
::1 - - [07/Sep/2022:21:25:55 +0300] "GET /templates/ HTTP/1.1" 304 -
::1 - - [07/Sep/2022:21:25:55 +0300] "GET /templates/css/styles.css HTTP/1.1" 304 -
::1 - - [07/Sep/2022:21:25:59 +0300] "GET /templates/ HTTP/1.1" 304 -
::1 - - [07/Sep/2022:21:25:59 +0300] "GET /templates/css/styles.css HTTP/1.1" 200 1614
::1 - - [07/Sep/2022:21:25:59 +0300] "GET /templates/ HTTP/1.1" 304 -
::1 - - [07/Sep/2022:21:25:59 +0300] "GET /templates/css/styles.css HTTP/1.1" 304 -
::1 - - [07/Sep/2022:21:26:00 +0300] "GET /templates/ HTTP/1.1" 304 -
::1 - - [07/Sep/2022:21:26:00 +0300] "GET /templates/css/styles.css HTTP/1.1" 304 -
::1 - - [07/Sep/2022:21:26:54 +0300] "-" 408 -
::1 - - [07/Sep/2022:23:00:55 +0300] "GET /templates/ HTTP/1.1" 200 4898
::1 - - [07/Sep/2022:23:00:55 +0300] "GET /templates/css/styles.css HTTP/1.1" 304 -
::1 - - [07/Sep/2022:23:00:56 +0300] "GET /templates/ HTTP/1.1" 304 -
::1 - - [07/Sep/2022:23:00:57 +0300] "GET /templates/ HTTP/1.1" 304 -
::1 - - [07/Sep/2022:23:00:57 +0300] "GET /templates/ HTTP/1.1" 304 -
::1 - - [07/Sep/2022:23:01:17 +0300] "GET /templates/ HTTP/1.1" 200 4897
::1 - - [07/Sep/2022:23:02:04 +0300] "GET /templates/ HTTP/1.1" 200 4895
::1 - - [07/Sep/2022:23:03:04 +0300] "-" 408 -
::1 - - [08/Sep/2022:00:29:25 +0300] "GET /templates/css/styles.css HTTP/1.1" 304 -
::1 - - [08/Sep/2022:00:29:25 +0300] "GET /favicon.ico HTTP/1.1" 404 196
::1 - - [08/Sep/2022:00:30:25 +0300] "-" 408 -
::1 - - [08/Sep/2022:20:07:23 +0300] "GET /templates/css/styles.css HTTP/1.1" 200 1614
::1 - - [08/Sep/2022:20:07:31 +0300] "GET / HTTP/1.1" 200 443
::1 - - [08/Sep/2022:20:07:34 +0300] "GET /front/ HTTP/1.1" 200 316
::1 - - [08/Sep/2022:20:07:37 +0300] "GET /front/html/ HTTP/1.1" 200 4311
::1 - - [08/Sep/2022:20:07:37 +0300] "GET /front/css/styles.css HTTP/1.1" 200 1608
::1 - - [08/Sep/2022:20:07:37 +0300] "GET /front/js/update.js HTTP/1.1" 200 640
::1 - - [08/Sep/2022:20:07:58 +0300] "GET /front/html/ HTTP/1.1" 304 -
::1 - - [08/Sep/2022:20:08:02 +0300] "GET /templates/ HTTP/1.1" 200 4831
::1 - - [08/Sep/2022:20:08:03 +0300] "GET /templates/ HTTP/1.1" 304 -
::1 - - [08/Sep/2022:20:08:07 +0300] "GET /front/ HTTP/1.1" 200 316
::1 - - [08/Sep/2022:20:08:47 +0300] "GET /front/html/ HTTP/1.1" 200 4381
::1 - - [08/Sep/2022:20:08:56 +0300] "GET /front/html/ HTTP/1.1" 200 4371
::1 - - [08/Sep/2022:20:09:56 +0300] "-" 408 -
