[Sun Sep 04 13:22:34.312362 2022] [mpm_winnt:notice] [pid 21732:tid 336] AH00455: Apache/2.4.54 (Win64) PHP/8.1.10 configured -- resuming normal operations
[Sun Sep 04 13:22:34.312362 2022] [mpm_winnt:notice] [pid 21732:tid 336] AH00456: Apache Lounge VS16 Server built: Jun 22 2022 09:58:15
[Sun Sep 04 13:22:34.312362 2022] [core:notice] [pid 21732:tid 336] AH00094: Command line: 'C:\\Apache24\\bin\\httpd.exe -d C:/Apache24'
[Sun Sep 04 13:22:34.315364 2022] [mpm_winnt:notice] [pid 21732:tid 336] AH00418: Parent: Created child process 6584
Apache server shutdown initiated...
pm_winnt:notice] [pid 6584:tid 364] AH00354: Child: Starting 64 worker threads.
[Mon Sep 05 00:15:18.411540 2022] [mpm_winnt:notice] [pid 21732:tid 336] AH00422: Parent: Received shutdown signal -- Shutting down the server.
[Mon Sep 05 00:15:20.421663 2022] [mpm_winnt:notice] [pid 6584:tid 364] AH00364: Child: All worker threads have exited.
[Mon Sep 05 00:15:20.459941 2022] [mpm_winnt:notice] [pid 21732:tid 336] AH00430: Parent: Child process 6584 exited successfully.
[Tue Sep 06 19:42:38.189168 2022] [mpm_winnt:notice] [pid 22416:tid 344] AH00455: Apache/2.4.54 (Win64) PHP/8.1.10 configured -- resuming normal operations
[Tue Sep 06 19:42:38.190167 2022] [mpm_winnt:notice] [pid 22416:tid 344] AH00456: Apache Lounge VS16 Server built: Jun 22 2022 09:58:15
[Tue Sep 06 19:42:38.190167 2022] [core:notice] [pid 22416:tid 344] AH00094: Command line: 'C:\\Apache24\\bin\\httpd.exe -d C:/Apache24'
[Tue Sep 06 19:42:38.194167 2022] [mpm_winnt:notice] [pid 22416:tid 344] AH00418: Parent: Created child process 24548
[Tue Sep 06 19:42:38.411287 2022] [mpm_winnt:notice] [pid 24548:tid 324] AH00354: Child: Starting 64 worker threads.
[Tue Sep 06 23:29:19.547682 2022] [php:warn] [pid 24548:tid 1112] [client ::1:53638] PHP Warning:  Undefined array key "firstname" in C:\\work\\localhost\\src\\display.php on line 2, referer: http://localhost/templates/
[Tue Sep 06 23:29:19.548657 2022] [php:warn] [pid 24548:tid 1112] [client ::1:53638] PHP Warning:  Undefined array key "lastname" in C:\\work\\localhost\\src\\display.php on line 3, referer: http://localhost/templates/
[Thu Sep 08 00:19:46.449842 2022] [core:warn] [pid 5820:tid 312] AH00098: pid file C:/Apache24/logs/httpd.pid overwritten -- Unclean shutdown of previous Apache run?
[Thu Sep 08 00:19:46.559641 2022] [mpm_winnt:notice] [pid 5820:tid 312] AH00455: Apache/2.4.54 (Win64) PHP/8.1.10 configured -- resuming normal operations
[Thu Sep 08 00:19:46.559641 2022] [mpm_winnt:notice] [pid 5820:tid 312] AH00456: Apache Lounge VS16 Server built: Jun 22 2022 09:58:15
[Thu Sep 08 00:19:46.559641 2022] [core:notice] [pid 5820:tid 312] AH00094: Command line: 'C:\\Apache24\\bin\\httpd.exe -d C:/Apache24'
[Thu Sep 08 00:19:46.559641 2022] [mpm_winnt:notice] [pid 5820:tid 312] AH00418: Parent: Created child process 9572
[Thu Sep 08 00:19:47.346844 2022] [mpm_winnt:notice] [pid 9572:tid 324] AH00354: Child: Starting 64 worker threads.
[Thu Sep 08 21:55:35.172398 2022] [core:error] [pid 9572:tid 1108] (20024)The given path is misformatted or contained invalid characters: [client ::1:50223] AH00127: Cannot map GET /front/html/.../css/styles.css HTTP/1.1 to file, referer: http://localhost/front/html/?val_x=-4&val_y=&val_r=1
[Fri Sep 09 13:46:17.720023 2022] [mpm_winnt:notice] [pid 5820:tid 312] AH00422: Parent: Received shutdown signal -- Shutting down the server.
[Fri Sep 09 13:46:19.739316 2022] [mpm_winnt:notice] [pid 9572:tid 324] AH00364: Child: All worker threads have exited.
[Fri Sep 09 13:46:19.776374 2022] [mpm_winnt:notice] [pid 5820:tid 312] AH00430: Parent: Child process 9572 exited successfully.
[Fri Sep 09 13:46:53.649111 2022] [mpm_winnt:notice] [pid 6352:tid 312] AH00455: Apache/2.4.54 (Win64) PHP/8.1.10 configured -- resuming normal operations
[Fri Sep 09 13:46:53.649111 2022] [mpm_winnt:notice] [pid 6352:tid 312] AH00456: Apache Lounge VS16 Server built: Jun 22 2022 09:58:15
[Fri Sep 09 13:46:53.649111 2022] [core:notice] [pid 6352:tid 312] AH00094: Command line: 'C:\\Apache24\\bin\\httpd.exe -d C:/Apache24'
[Fri Sep 09 13:46:53.649111 2022] [mpm_winnt:notice] [pid 6352:tid 312] AH00418: Parent: Created child process 9032
[Fri Sep 09 13:46:54.568943 2022] [mpm_winnt:notice] [pid 9032:tid 392] AH00354: Child: Starting 64 worker threads.
[Wed Sep 14 13:10:42.794978 2022] [core:warn] [pid 4832:tid 280] AH00098: pid file C:/Apache24/logs/httpd.pid overwritten -- Unclean shutdown of previous Apache run?
[Wed Sep 14 13:10:42.841982 2022] [mpm_winnt:notice] [pid 4832:tid 280] AH00455: Apache/2.4.54 (Win64) PHP/8.1.10 configured -- resuming normal operations
[Wed Sep 14 13:10:42.841982 2022] [mpm_winnt:notice] [pid 4832:tid 280] AH00456: Apache Lounge VS16 Server built: Jun 22 2022 09:58:15
[Wed Sep 14 13:10:42.841982 2022] [core:notice] [pid 4832:tid 280] AH00094: Command line: 'C:\\Apache24\\bin\\httpd.exe -d C:/Apache24'
[Wed Sep 14 13:10:42.841982 2022] [mpm_winnt:notice] [pid 4832:tid 280] AH00418: Parent: Created child process 7532
[Wed Sep 14 13:10:43.233722 2022] [mpm_winnt:notice] [pid 7532:tid 348] AH00354: Child: Starting 64 worker threads.
[Fri Sep 16 20:43:55.970949 2022] [mpm_winnt:notice] [pid 4832:tid 280] AH00422: Parent: Received shutdown signal -- Shutting down the server.
[Fri Sep 16 20:43:58.021658 2022] [mpm_winnt:notice] [pid 7532:tid 348] AH00364: Child: All worker threads have exited.
[Fri Sep 16 20:43:58.052749 2022] [mpm_winnt:notice] [pid 4832:tid 280] AH00430: Parent: Child process 7532 exited successfully.
[Fri Sep 16 20:44:30.373199 2022] [mpm_winnt:notice] [pid 5500:tid 340] AH00455: Apache/2.4.54 (Win64) PHP/8.1.10 configured -- resuming normal operations
[Fri Sep 16 20:44:30.373199 2022] [mpm_winnt:notice] [pid 5500:tid 340] AH00456: Apache Lounge VS16 Server built: Jun 22 2022 09:58:15
[Fri Sep 16 20:44:30.373199 2022] [core:notice] [pid 5500:tid 340] AH00094: Command line: 'C:\\Apache24\\bin\\httpd.exe -d C:/Apache24'
[Fri Sep 16 20:44:30.373199 2022] [mpm_winnt:notice] [pid 5500:tid 340] AH00418: Parent: Created child process 8304
[Fri Sep 16 20:44:31.139887 2022] [mpm_winnt:notice] [pid 8304:tid 328] AH00354: Child: Starting 64 worker threads.
[Sat Sep 17 15:17:29.303162 2022] [mpm_winnt:notice] [pid 5500:tid 340] AH00422: Parent: Received shutdown signal -- Shutting down the server.
[Sat Sep 17 15:17:31.309083 2022] [mpm_winnt:notice] [pid 8304:tid 328] AH00364: Child: All worker threads have exited.
[Sat Sep 17 15:17:31.348819 2022] [mpm_winnt:notice] [pid 5500:tid 340] AH00430: Parent: Child process 8304 exited successfully.
[Sat Sep 17 15:17:58.792494 2022] [mpm_winnt:notice] [pid 4712:tid 324] AH00455: Apache/2.4.54 (Win64) PHP/8.1.10 configured -- resuming normal operations
[Sat Sep 17 15:17:58.792494 2022] [mpm_winnt:notice] [pid 4712:tid 324] AH00456: Apache Lounge VS16 Server built: Jun 22 2022 09:58:15
[Sat Sep 17 15:17:58.792494 2022] [core:notice] [pid 4712:tid 324] AH00094: Command line: 'C:\\Apache24\\bin\\httpd.exe -d C:/Apache24'
[Sat Sep 17 15:17:58.792494 2022] [mpm_winnt:notice] [pid 4712:tid 324] AH00418: Parent: Created child process 8672
[Sat Sep 17 15:17:59.667804 2022] [mpm_winnt:notice] [pid 8672:tid 328] AH00354: Child: Starting 64 worker threads.
[Sat Sep 17 19:27:58.265158 2022] [mpm_winnt:notice] [pid 4712:tid 324] AH00428: Parent: child process 8672 exited with status 1 -- Restarting.
[Sat Sep 17 19:27:58.300170 2022] [mpm_winnt:notice] [pid 4712:tid 324] AH00455: Apache/2.4.54 (Win64) PHP/8.1.10 configured -- resuming normal operations
[Sat Sep 17 19:27:58.300170 2022] [mpm_winnt:notice] [pid 4712:tid 324] AH00456: Apache Lounge VS16 Server built: Jun 22 2022 09:58:15
[Sat Sep 17 19:27:58.300170 2022] [core:notice] [pid 4712:tid 324] AH00094: Command line: 'C:\\Apache24\\bin\\httpd.exe -d C:/Apache24'
[Sat Sep 17 19:27:58.304171 2022] [mpm_winnt:notice] [pid 4712:tid 324] AH00418: Parent: Created child process 2796
[Sat Sep 17 19:27:58.520902 2022] [mpm_winnt:notice] [pid 2796:tid 372] AH00354: Child: Starting 64 worker threads.
[Sat Sep 17 19:28:07.725691 2022] [mpm_winnt:crit] [pid 2796:tid 372] AH02538: Child: Parent process exited abruptly. Child process is ending
[Sat Sep 17 19:28:07.726691 2022] [mpm_winnt:warn] [pid 2796:tid 444] (OS 995)ќпераци€ ввода/вывода была прервана из-за завершени€ потока команд или по запросу приложени€.  : AH00341: winnt_accept: Asynchronous AcceptEx failed.
[Sat Sep 17 19:28:07.726691 2022] [mpm_winnt:warn] [pid 2796:tid 1164] (OS 995)ќпераци€ ввода/вывода была прервана из-за завершени€ потока команд или по запросу приложени€.  : AH00341: winnt_accept: Asynchronous AcceptEx failed.
[Sat Sep 17 19:28:09.752011 2022] [mpm_winnt:notice] [pid 2796:tid 372] AH00364: Child: All worker threads have exited.
[Sat Sep 17 19:28:16.746791 2022] [core:warn] [pid 9880:tid 360] AH00098: pid file C:/Apache24/logs/httpd.pid overwritten -- Unclean shutdown of previous Apache run?
[Sat Sep 17 19:28:16.761795 2022] [mpm_winnt:notice] [pid 9880:tid 360] AH00455: Apache/2.4.54 (Win64) PHP/8.1.10 configured -- resuming normal operations
[Sat Sep 17 19:28:16.762795 2022] [mpm_winnt:notice] [pid 9880:tid 360] AH00456: Apache Lounge VS16 Server built: Jun 22 2022 09:58:15
[Sat Sep 17 19:28:16.762795 2022] [core:notice] [pid 9880:tid 360] AH00094: Command line: 'C:\\Apache24\\bin\\httpd.exe -d C:/Apache24'
[Sat Sep 17 19:28:16.765797 2022] [mpm_winnt:notice] [pid 9880:tid 360] AH00418: Parent: Created child process 3924
[Sat Sep 17 19:28:16.986849 2022] [mpm_winnt:notice] [pid 3924:tid 340] AH00354: Child: Starting 64 worker threads.
[Sat Sep 17 19:29:27.470097 2022] [core:warn] [pid 5280:tid 308] AH00098: pid file C:/Apache24/logs/httpd.pid overwritten -- Unclean shutdown of previous Apache run?
[Sat Sep 17 19:29:27.499752 2022] [mpm_winnt:notice] [pid 5280:tid 308] AH00455: Apache/2.4.54 (Win64) PHP/8.1.10 configured -- resuming normal operations
[Sat Sep 17 19:29:27.499752 2022] [mpm_winnt:notice] [pid 5280:tid 308] AH00456: Apache Lounge VS16 Server built: Jun 22 2022 09:58:15
[Sat Sep 17 19:29:27.499752 2022] [core:notice] [pid 5280:tid 308] AH00094: Command line: 'C:\\Apache24\\bin\\httpd.exe -d C:/Apache24'
[Sat Sep 17 19:29:27.499752 2022] [mpm_winnt:notice] [pid 5280:tid 308] AH00418: Parent: Created child process 8888
[Sat Sep 17 19:29:28.270274 2022] [mpm_winnt:notice] [pid 8888:tid 328] AH00354: Child: Starting 64 worker threads.
[Sat Sep 17 21:07:07.940211 2022] [mpm_winnt:notice] [pid 5280:tid 308] AH00422: Parent: Received shutdown signal -- Shutting down the server.
[Sat Sep 17 21:07:09.959657 2022] [mpm_winnt:notice] [pid 8888:tid 328] AH00364: Child: All worker threads have exited.
[Sat Sep 17 21:07:09.980826 2022] [mpm_winnt:notice] [pid 5280:tid 308] AH00430: Parent: Child process 8888 exited successfully.
[Sat Sep 17 21:07:37.164387 2022] [mpm_winnt:notice] [pid 4524:tid 312] AH00455: Apache/2.4.54 (Win64) PHP/8.1.10 configured -- resuming normal operations
[Sat Sep 17 21:07:37.164387 2022] [mpm_winnt:notice] [pid 4524:tid 312] AH00456: Apache Lounge VS16 Server built: Jun 22 2022 09:58:15
[Sat Sep 17 21:07:37.164387 2022] [core:notice] [pid 4524:tid 312] AH00094: Command line: 'C:\\Apache24\\bin\\httpd.exe -d C:/Apache24'
[Sat Sep 17 21:07:37.164387 2022] [mpm_winnt:notice] [pid 4524:tid 312] AH00418: Parent: Created child process 8544
[Sat Sep 17 21:07:37.901828 2022] [mpm_winnt:notice] [pid 8544:tid 364] AH00354: Child: Starting 64 worker threads.
[Sun Sep 18 15:02:00.703613 2022] [core:warn] [pid 4932:tid 340] AH00098: pid file C:/Apache24/logs/httpd.pid overwritten -- Unclean shutdown of previous Apache run?
[Sun Sep 18 15:02:00.750491 2022] [mpm_winnt:notice] [pid 4932:tid 340] AH00455: Apache/2.4.54 (Win64) PHP/8.1.10 configured -- resuming normal operations
[Sun Sep 18 15:02:00.750491 2022] [mpm_winnt:notice] [pid 4932:tid 340] AH00456: Apache Lounge VS16 Server built: Jun 22 2022 09:58:15
[Sun Sep 18 15:02:00.750491 2022] [core:notice] [pid 4932:tid 340] AH00094: Command line: 'C:\\Apache24\\bin\\httpd.exe -d C:/Apache24'
[Sun Sep 18 15:02:00.750491 2022] [mpm_winnt:notice] [pid 4932:tid 340] AH00418: Parent: Created child process 7932
[Sun Sep 18 15:02:01.176838 2022] [mpm_winnt:notice] [pid 7932:tid 344] AH00354: Child: Starting 64 worker threads.
